[ 2016-01-06T13:52:28+08:00 ] ::1 /webroot/App/Test/Location
INFO: [ app_init ] --START--
INFO: Run Behavior\BuildLiteBehavior [ RunTime:0.000000s ]
INFO: [ app_init ] --END-- [ RunTime:0.040005s ]
INFO: [ app_begin ] --START--
INFO: Run Behavior\ReadHtmlCacheBehavior [ RunTime:0.011002s ]
INFO: [ app_begin ] --END-- [ RunTime:0.012002s ]
ERR: 无法加载控制器:Test/Location

[ 2016-01-06T13:52:41+08:00 ] ::1 /webroot/App/Test/UploadLocation
INFO: [ app_init ] --START--
INFO: Run Behavior\BuildLiteBehavior [ RunTime:0.000000s ]
INFO: [ app_init ] --END-- [ RunTime:0.000500s ]
INFO: [ app_begin ] --START--
INFO: Run Behavior\ReadHtmlCacheBehavior [ RunTime:0.001000s ]
INFO: [ app_begin ] --END-- [ RunTime:0.001000s ]
INFO: [ app_end ] --START--
INFO: Run Behavior\ShowPageTraceBehavior [ RunTime:0.022003s ]
INFO: [ app_end ] --END-- [ RunTime:0.022003s ]

[ 2016-01-06T13:52:57+08:00 ] ::1 /webroot/App/Test/UploadLocation/saveLocation
INFO: [ app_init ] --START--
INFO: Run Behavior\BuildLiteBehavior [ RunTime:0.000000s ]
INFO: [ app_init ] --END-- [ RunTime:0.001000s ]
INFO: [ app_begin ] --START--
INFO: Run Behavior\ReadHtmlCacheBehavior [ RunTime:0.001000s ]
INFO: [ app_begin ] --END-- [ RunTime:0.001500s ]
SQL: SHOW COLUMNS FROM `sr_loca` [ RunTime:0.1125s ]
INFO: [ app_end ] --START--
INFO: Run Behavior\ShowPageTraceBehavior [ RunTime:0.002501s ]
INFO: [ app_end ] --END-- [ RunTime:0.003501s ]

[ 2016-01-06T13:53:13+08:00 ] ::1 /webroot/App/Test/UploadLocation/saveLocation
INFO: [ app_init ] --START--
INFO: Run Behavior\BuildLiteBehavior [ RunTime:0.000000s ]
INFO: [ app_init ] --END-- [ RunTime:0.001500s ]
INFO: [ app_begin ] --START--
INFO: Run Behavior\ReadHtmlCacheBehavior [ RunTime:0.001000s ]
INFO: [ app_begin ] --END-- [ RunTime:0.001000s ]
SQL: SHOW COLUMNS FROM `sr_loca` [ RunTime:0.5476s ]
INFO: [ app_end ] --START--
INFO: Run Behavior\ShowPageTraceBehavior [ RunTime:0.001500s ]
INFO: [ app_end ] --END-- [ RunTime:0.001500s ]

[ 2016-01-06T13:54:14+08:00 ] ::1 /webroot/App/Test/UploadLocation/saveLocation
INFO: [ app_init ] --START--
INFO: Run Behavior\BuildLiteBehavior [ RunTime:0.000000s ]
INFO: [ app_init ] --END-- [ RunTime:0.000500s ]
INFO: [ app_begin ] --START--
INFO: Run Behavior\ReadHtmlCacheBehavior [ RunTime:0.001000s ]
INFO: [ app_begin ] --END-- [ RunTime:0.001500s ]
SQL: SHOW COLUMNS FROM `sr_loca` [ RunTime:0.1640s ]
INFO: [ app_end ] --START--
INFO: Run Behavior\ShowPageTraceBehavior [ RunTime:0.001000s ]
INFO: [ app_end ] --END-- [ RunTime:0.001500s ]

[ 2016-01-06T13:54:33+08:00 ] ::1 /webroot/App/Test/UploadLocation/saveLocation
INFO: [ app_init ] --START--
INFO: Run Behavior\BuildLiteBehavior [ RunTime:0.000000s ]
INFO: [ app_init ] --END-- [ RunTime:0.001000s ]
INFO: [ app_begin ] --START--
INFO: Run Behavior\ReadHtmlCacheBehavior [ RunTime:0.001500s ]
INFO: [ app_begin ] --END-- [ RunTime:0.002000s ]
SQL: SHOW COLUMNS FROM `sr_loca` [ RunTime:0.1265s ]
INFO: [ app_end ] --START--
INFO: Run Behavior\ShowPageTraceBehavior [ RunTime:0.001000s ]
INFO: [ app_end ] --END-- [ RunTime:0.001000s ]

[ 2016-01-06T13:56:49+08:00 ] ::1 /webroot/App/Test/UploadLocation/saveLocation?device=0
INFO: [ app_init ] --START--
INFO: Run Behavior\BuildLiteBehavior [ RunTime:0.000500s ]
INFO: [ app_init ] --END-- [ RunTime:0.004501s ]
INFO: [ app_begin ] --START--
INFO: Run Behavior\ReadHtmlCacheBehavior [ RunTime:0.004001s ]
INFO: [ app_begin ] --END-- [ RunTime:0.005501s ]
SQL: SHOW COLUMNS FROM `sr_loca` [ RunTime:0.0815s ]
INFO: [ app_end ] --START--
INFO: Run Behavior\ShowPageTraceBehavior [ RunTime:0.002001s ]
INFO: [ app_end ] --END-- [ RunTime:0.003001s ]

[ 2016-01-06T14:04:17+08:00 ] ::1 /webroot/App/Test/UploadLocation/saveLocation?device=0
INFO: [ app_init ] --START--
INFO: Run Behavior\BuildLiteBehavior [ RunTime:0.000500s ]
INFO: [ app_init ] --END-- [ RunTime:0.001000s ]
INFO: [ app_begin ] --START--
INFO: Run Behavior\ReadHtmlCacheBehavior [ RunTime:0.001000s ]
INFO: [ app_begin ] --END-- [ RunTime:0.001500s ]
SQL: SHOW COLUMNS FROM `sr_loca` [ RunTime:0.0535s ]
NOTIC: [8] Undefined index: device_token D:\htdocs\webroot\Core\Library\Think\Model.class.php 第 1292 行.
INFO: [ app_end ] --START--
INFO: Run Behavior\ShowPageTraceBehavior [ RunTime:0.001500s ]
INFO: [ app_end ] --END-- [ RunTime:0.002500s ]

[ 2016-01-06T14:04:29+08:00 ] ::1 /webroot/App/Test/UploadLocation/saveLocation?device=0
INFO: [ app_init ] --START--
INFO: Run Behavior\BuildLiteBehavior [ RunTime:0.000000s ]
INFO: [ app_init ] --END-- [ RunTime:0.001500s ]
INFO: [ app_begin ] --START--
INFO: Run Behavior\ReadHtmlCacheBehavior [ RunTime:0.001000s ]
INFO: [ app_begin ] --END-- [ RunTime:0.001500s ]
SQL: SHOW COLUMNS FROM `sr_loca` [ RunTime:0.0885s ]
NOTIC: [8] Undefined index: device_token D:\htdocs\webroot\Core\Library\Think\Model.class.php 第 1292 行.
INFO: [ app_end ] --START--
INFO: Run Behavior\ShowPageTraceBehavior [ RunTime:0.001000s ]
INFO: [ app_end ] --END-- [ RunTime:0.001501s ]

[ 2016-01-06T14:36:07+08:00 ] 192.168.1.13 /webroot/App/Test/UploadLocation/saveLocation?device=0
INFO: [ app_init ] --START--
INFO: Run Behavior\BuildLiteBehavior [ RunTime:0.000500s ]
INFO: [ app_init ] --END-- [ RunTime:0.002000s ]
INFO: [ app_begin ] --START--
INFO: Run Behavior\ReadHtmlCacheBehavior [ RunTime:0.002000s ]
INFO: [ app_begin ] --END-- [ RunTime:0.003000s ]
SQL: SHOW COLUMNS FROM `sr_loca` [ RunTime:0.0295s ]
NOTIC: [8] Undefined index: device_token D:\htdocs\webroot\Core\Library\Think\Model.class.php 第 1292 行.
INFO: [ app_end ] --START--
INFO: Run Behavior\ShowPageTraceBehavior [ RunTime:0.002000s ]
INFO: [ app_end ] --END-- [ RunTime:0.003501s ]

[ 2016-01-06T14:36:44+08:00 ] 192.168.1.2 /webroot/App/Test/UploadLocation/saveLocation?device=0
INFO: [ app_init ] --START--
INFO: Run Behavior\BuildLiteBehavior [ RunTime:0.000000s ]
INFO: [ app_init ] --END-- [ RunTime:0.001500s ]
INFO: [ app_begin ] --START--
INFO: Run Behavior\ReadHtmlCacheBehavior [ RunTime:0.001001s ]
INFO: [ app_begin ] --END-- [ RunTime:0.001501s ]
SQL: SHOW COLUMNS FROM `sr_loca` [ RunTime:0.0330s ]
NOTIC: [8] Undefined index: device_token D:\htdocs\webroot\Core\Library\Think\Model.class.php 第 1292 行.
INFO: [ app_end ] --START--
INFO: Run Behavior\ShowPageTraceBehavior [ RunTime:0.001001s ]
INFO: [ app_end ] --END-- [ RunTime:0.002001s ]

[ 2016-01-06T14:38:59+08:00 ] 192.168.1.13 /webroot/App/Test/UploadLocation/saveLocation?device=0
INFO: [ app_init ] --START--
INFO: Run Behavior\BuildLiteBehavior [ RunTime:0.000500s ]
INFO: [ app_init ] --END-- [ RunTime:0.001000s ]
INFO: [ app_begin ] --START--
INFO: Run Behavior\ReadHtmlCacheBehavior [ RunTime:0.000501s ]
INFO: [ app_begin ] --END-- [ RunTime:0.001501s ]
SQL: SHOW COLUMNS FROM `sr_loca` [ RunTime:0.0375s ]
NOTIC: [8] Undefined index: device_token D:\htdocs\webroot\Core\Library\Think\Model.class.php 第 1292 行.
INFO: [ view_parse ] --START--
INFO: [ template_filter ] --START--
INFO: Run Behavior\ContentReplaceBehavior [ RunTime:0.000000s ]
INFO: [ template_filter ] --END-- [ RunTime:0.001000s ]
NOTIC: [8] Array to string conversion D:\htdocs\webroot\Runtime\Cache\App\96de72a5de811386624faa0adb5d16dd.php 第 25 行.
INFO: Run Behavior\ParseTemplateBehavior [ RunTime:0.081511s ]
INFO: [ view_parse ] --END-- [ RunTime:0.082011s ]
INFO: [ view_filter ] --START--
INFO: Run Behavior\WriteHtmlCacheBehavior [ RunTime:0.022002s ]
INFO: Run Behavior\TokenBuildBehavior [ RunTime:0.007001s ]
INFO: [ view_filter ] --END-- [ RunTime:0.029003s ]

[ 2016-01-06T14:39:03+08:00 ] ::1 /webroot/App/Test/UploadLocation/saveLocation?device=0
INFO: [ app_init ] --START--
INFO: Run Behavior\BuildLiteBehavior [ RunTime:0.000000s ]
INFO: [ app_init ] --END-- [ RunTime:0.001001s ]
INFO: [ app_begin ] --START--
INFO: Run Behavior\ReadHtmlCacheBehavior [ RunTime:0.001000s ]
INFO: [ app_begin ] --END-- [ RunTime:0.002000s ]
SQL: SHOW COLUMNS FROM `sr_loca` [ RunTime:0.0370s ]
NOTIC: [8] Undefined index: device_token D:\htdocs\webroot\Core\Library\Think\Model.class.php 第 1292 行.
INFO: [ view_parse ] --START--
INFO: [ template_filter ] --START--
INFO: Run Behavior\ContentReplaceBehavior [ RunTime:0.000000s ]
INFO: [ template_filter ] --END-- [ RunTime:0.001001s ]
NOTIC: [8] Array to string conversion D:\htdocs\webroot\Runtime\Cache\App\96de72a5de811386624faa0adb5d16dd.php 第 25 行.
INFO: Run Behavior\ParseTemplateBehavior [ RunTime:0.012502s ]
INFO: [ view_parse ] --END-- [ RunTime:0.012502s ]
INFO: [ view_filter ] --START--
INFO: Run Behavior\WriteHtmlCacheBehavior [ RunTime:0.001000s ]
INFO: Run Behavior\TokenBuildBehavior [ RunTime:0.001000s ]
INFO: [ view_filter ] --END-- [ RunTime:0.003000s ]

[ 2016-01-06T14:39:07+08:00 ] ::1 /webroot/App/Test/UploadLocation/saveLocation
INFO: [ app_init ] --START--
INFO: Run Behavior\BuildLiteBehavior [ RunTime:0.000000s ]
INFO: [ app_init ] --END-- [ RunTime:0.004000s ]
INFO: [ app_begin ] --START--
INFO: Run Behavior\ReadHtmlCacheBehavior [ RunTime:0.002000s ]
INFO: [ app_begin ] --END-- [ RunTime:0.012501s ]
SQL: SHOW COLUMNS FROM `sr_loca` [ RunTime:0.0395s ]
INFO: [ view_parse ] --START--
INFO: [ template_filter ] --START--
INFO: Run Behavior\ContentReplaceBehavior [ RunTime:0.001000s ]
INFO: [ template_filter ] --END-- [ RunTime:0.002500s ]
NOTIC: [8] Array to string conversion D:\htdocs\webroot\Runtime\Cache\App\96de72a5de811386624faa0adb5d16dd.php 第 25 行.
INFO: Run Behavior\ParseTemplateBehavior [ RunTime:0.043505s ]
INFO: [ view_parse ] --END-- [ RunTime:0.045005s ]
INFO: [ view_filter ] --START--
INFO: Run Behavior\WriteHtmlCacheBehavior [ RunTime:0.002000s ]
INFO: Run Behavior\TokenBuildBehavior [ RunTime:0.002000s ]
INFO: [ view_filter ] --END-- [ RunTime:0.006001s ]

[ 2016-01-06T14:39:14+08:00 ] ::1 /webroot/App/Test/UploadLocation
INFO: [ app_init ] --START--
INFO: Run Behavior\BuildLiteBehavior [ RunTime:0.000000s ]
INFO: [ app_init ] --END-- [ RunTime:0.001000s ]
INFO: [ app_begin ] --START--
INFO: Run Behavior\ReadHtmlCacheBehavior [ RunTime:0.002000s ]
INFO: [ app_begin ] --END-- [ RunTime:0.002500s ]
INFO: [ app_end ] --START--
INFO: Run Behavior\ShowPageTraceBehavior [ RunTime:0.001000s ]
INFO: [ app_end ] --END-- [ RunTime:0.001000s ]

[ 2016-01-06T14:40:04+08:00 ] ::1 /webroot/App/Test/UploadLocation
INFO: [ app_init ] --START--
INFO: Run Behavior\BuildLiteBehavior [ RunTime:0.000500s ]
INFO: [ app_init ] --END-- [ RunTime:0.001000s ]
INFO: [ app_begin ] --START--
INFO: Run Behavior\ReadHtmlCacheBehavior [ RunTime:0.001500s ]
INFO: [ app_begin ] --END-- [ RunTime:0.002000s ]
INFO: [ app_end ] --START--
INFO: Run Behavior\ShowPageTraceBehavior [ RunTime:0.000500s ]
INFO: [ app_end ] --END-- [ RunTime:0.001500s ]

[ 2016-01-06T14:40:08+08:00 ] ::1 /webroot/App/Test/Location
INFO: [ app_init ] --START--
INFO: Run Behavior\BuildLiteBehavior [ RunTime:0.000500s ]
INFO: [ app_init ] --END-- [ RunTime:0.001000s ]
INFO: [ app_begin ] --START--
INFO: Run Behavior\ReadHtmlCacheBehavior [ RunTime:0.001001s ]
INFO: [ app_begin ] --END-- [ RunTime:0.001501s ]
ERR: 无法加载控制器:Test/Location

[ 2016-01-06T14:40:27+08:00 ] ::1 /webroot/App/Test/Location
INFO: [ app_init ] --START--
INFO: Run Behavior\BuildLiteBehavior [ RunTime:0.000000s ]
INFO: [ app_init ] --END-- [ RunTime:0.001000s ]
INFO: [ app_begin ] --START--
INFO: Run Behavior\ReadHtmlCacheBehavior [ RunTime:0.001000s ]
INFO: [ app_begin ] --END-- [ RunTime:0.001500s ]
ERR: 无法加载控制器:Test/Location

[ 2016-01-06T14:40:31+08:00 ] 192.168.1.13 /webroot/App/Test/UploadLocation/saveLocation?device=0
INFO: [ app_init ] --START--
INFO: Run Behavior\BuildLiteBehavior [ RunTime:0.000500s ]
INFO: [ app_init ] --END-- [ RunTime:0.004001s ]
INFO: [ app_begin ] --START--
INFO: Run Behavior\ReadHtmlCacheBehavior [ RunTime:0.002001s ]
INFO: [ app_begin ] --END-- [ RunTime:0.004501s ]
SQL: SHOW COLUMNS FROM `sr_loca` [ RunTime:0.0370s ]
NOTIC: [8] Undefined index: device_token D:\htdocs\webroot\Core\Library\Think\Model.class.php 第 1292 行.
INFO: [ view_parse ] --START--
INFO: [ template_filter ] --START--
INFO: Run Behavior\ContentReplaceBehavior [ RunTime:0.000500s ]
INFO: [ template_filter ] --END-- [ RunTime:0.001500s ]
INFO: Run Behavior\ParseTemplateBehavior [ RunTime:0.023003s ]
INFO: [ view_parse ] --END-- [ RunTime:0.024503s ]
INFO: [ view_filter ] --START--
INFO: Run Behavior\WriteHtmlCacheBehavior [ RunTime:0.001000s ]
INFO: Run Behavior\TokenBuildBehavior [ RunTime:0.001500s ]
INFO: [ view_filter ] --END-- [ RunTime:0.005001s ]

[ 2016-01-06T14:40:35+08:00 ] ::1 /webroot/App/Test/Location
INFO: [ app_init ] --START--
INFO: Run Behavior\BuildLiteBehavior [ RunTime:0.000000s ]
INFO: [ app_init ] --END-- [ RunTime:0.003000s ]
INFO: [ app_begin ] --START--
INFO: Run Behavior\ReadHtmlCacheBehavior [ RunTime:0.002000s ]
INFO: [ app_begin ] --END-- [ RunTime:0.003000s ]
ERR: 无法加载控制器:Test/Location

[ 2016-01-06T14:41:44+08:00 ] ::1 /webroot/App/Test/Location
INFO: [ app_init ] --START--
INFO: Run Behavior\BuildLiteBehavior [ RunTime:0.000000s ]
INFO: [ app_init ] --END-- [ RunTime:0.001000s ]
INFO: [ app_begin ] --START--
INFO: Run Behavior\ReadHtmlCacheBehavior [ RunTime:0.001000s ]
INFO: [ app_begin ] --END-- [ RunTime:0.001500s ]
ERR: 无法加载控制器:Test/Location

[ 2016-01-06T14:41:48+08:00 ] ::1 /webroot/App/Test/Location
INFO: [ app_init ] --START--
INFO: Run Behavior\BuildLiteBehavior [ RunTime:0.000500s ]
INFO: [ app_init ] --END-- [ RunTime:0.002000s ]
INFO: [ app_begin ] --START--
INFO: Run Behavior\ReadHtmlCacheBehavior [ RunTime:0.001500s ]
INFO: [ app_begin ] --END-- [ RunTime:0.002500s ]
ERR: 无法加载控制器:Test/Location

[ 2016-01-06T14:49:59+08:00 ] 192.168.1.2 /webroot/App/Test/UploadLocation/saveLocation?device=0
INFO: [ app_init ] --START--
INFO: Run Behavior\BuildLiteBehavior [ RunTime:0.000000s ]
INFO: [ app_init ] --END-- [ RunTime:0.001000s ]
INFO: [ app_begin ] --START--
INFO: Run Behavior\ReadHtmlCacheBehavior [ RunTime:0.001000s ]
INFO: [ app_begin ] --END-- [ RunTime:0.001500s ]
SQL: SHOW COLUMNS FROM `sr_loca` [ RunTime:0.4331s ]
NOTIC: [8] Undefined index: device_token D:\htdocs\webroot\Core\Library\Think\Model.class.php 第 1292 行.
INFO: [ view_parse ] --START--
INFO: [ template_filter ] --START--
INFO: Run Behavior\ContentReplaceBehavior [ RunTime:0.000500s ]
INFO: [ template_filter ] --END-- [ RunTime:0.001000s ]
INFO: Run Behavior\ParseTemplateBehavior [ RunTime:0.021003s ]
INFO: [ view_parse ] --END-- [ RunTime:0.021503s ]
INFO: [ view_filter ] --START--
INFO: Run Behavior\WriteHtmlCacheBehavior [ RunTime:0.001500s ]
INFO: Run Behavior\TokenBuildBehavior [ RunTime:0.001500s ]
INFO: [ view_filter ] --END-- [ RunTime:0.004000s ]

[ 2016-01-06T14:50:21+08:00 ] 192.168.1.2 /webroot/App/Test/UploadLocation/saveLocation?device=0
INFO: [ app_init ] --START--
INFO: Run Behavior\BuildLiteBehavior [ RunTime:0.000000s ]
INFO: [ app_init ] --END-- [ RunTime:0.002000s ]
INFO: [ app_begin ] --START--
INFO: Run Behavior\ReadHtmlCacheBehavior [ RunTime:0.002500s ]
INFO: [ app_begin ] --END-- [ RunTime:0.003001s ]
SQL: SHOW COLUMNS FROM `sr_loca` [ RunTime:0.0375s ]
NOTIC: [8] Undefined index: device_token D:\htdocs\webroot\Core\Library\Think\Model.class.php 第 1292 行.
INFO: [ view_parse ] --START--
INFO: [ template_filter ] --START--
INFO: Run Behavior\ContentReplaceBehavior [ RunTime:0.000500s ]
INFO: [ template_filter ] --END-- [ RunTime:0.001500s ]
INFO: Run Behavior\ParseTemplateBehavior [ RunTime:0.025003s ]
INFO: [ view_parse ] --END-- [ RunTime:0.026503s ]
INFO: [ view_filter ] --START--
INFO: Run Behavior\WriteHtmlCacheBehavior [ RunTime:0.001500s ]
INFO: Run Behavior\TokenBuildBehavior [ RunTime:0.001000s ]
INFO: [ view_filter ] --END-- [ RunTime:0.004501s ]

[ 2016-01-06T14:51:25+08:00 ] ::1 /webroot/App/Test/Location
INFO: [ app_init ] --START--
INFO: Run Behavior\BuildLiteBehavior [ RunTime:0.000000s ]
INFO: [ app_init ] --END-- [ RunTime:0.001000s ]
INFO: [ app_begin ] --START--
INFO: Run Behavior\ReadHtmlCacheBehavior [ RunTime:0.001000s ]
INFO: [ app_begin ] --END-- [ RunTime:0.001500s ]
ERR: 无法加载控制器:Test/Location

[ 2016-01-06T14:54:16+08:00 ] ::1 /webroot/App/Test/Location
INFO: [ app_init ] --START--
INFO: Run Behavior\BuildLiteBehavior [ RunTime:0.000500s ]
INFO: [ app_init ] --END-- [ RunTime:0.002500s ]
INFO: [ app_begin ] --START--
INFO: Run Behavior\ReadHtmlCacheBehavior [ RunTime:0.002501s ]
INFO: [ app_begin ] --END-- [ RunTime:0.003501s ]
ERR: 无法加载控制器:Test/Location

[ 2016-01-06T14:54:29+08:00 ] 192.168.1.13 /webroot/App/Test/UploadLocation/saveLocation?device=0
INFO: [ app_init ] --START--
INFO: Run Behavior\BuildLiteBehavior [ RunTime:0.000000s ]
INFO: [ app_init ] --END-- [ RunTime:0.002000s ]
INFO: [ app_begin ] --START--
INFO: Run Behavior\ReadHtmlCacheBehavior [ RunTime:0.001500s ]
INFO: [ app_begin ] --END-- [ RunTime:0.002501s ]
SQL: SHOW COLUMNS FROM `sr_loca` [ RunTime:0.0430s ]
NOTIC: [8] Undefined index: device_token D:\htdocs\webroot\Core\Library\Think\Model.class.php 第 1292 行.

[ 2016-01-06T14:55:21+08:00 ] 192.168.1.13 /webroot/App/Test/UploadLocation/saveLocation?device=0
INFO: [ app_init ] --START--
INFO: Run Behavior\BuildLiteBehavior [ RunTime:0.000000s ]
INFO: [ app_init ] --END-- [ RunTime:0.002000s ]
INFO: [ app_begin ] --START--
INFO: Run Behavior\ReadHtmlCacheBehavior [ RunTime:0.001500s ]
INFO: [ app_begin ] --END-- [ RunTime:0.002500s ]
SQL: SHOW COLUMNS FROM `sr_loca` [ RunTime:0.0475s ]
NOTIC: [8] Undefined index: device_token D:\htdocs\webroot\Core\Library\Think\Model.class.php 第 1292 行.

[ 2016-01-06T14:55:51+08:00 ] 192.168.1.13 /webroot/App/Test/UploadLocation/saveLocation?device=0
INFO: [ app_init ] --START--
INFO: Run Behavior\BuildLiteBehavior [ RunTime:0.000000s ]
INFO: [ app_init ] --END-- [ RunTime:0.001500s ]
INFO: [ app_begin ] --START--
INFO: Run Behavior\ReadHtmlCacheBehavior [ RunTime:0.001000s ]
INFO: [ app_begin ] --END-- [ RunTime:0.001500s ]
SQL: SHOW COLUMNS FROM `sr_loca` [ RunTime:0.0370s ]
NOTIC: [8] Undefined index: device_token D:\htdocs\webroot\Core\Library\Think\Model.class.php 第 1292 行.

[ 2016-01-06T14:57:48+08:00 ] 192.168.1.13 /webroot/App/Test/UploadLocation/saveLocation?device=0
INFO: [ app_init ] --START--
INFO: Run Behavior\BuildLiteBehavior [ RunTime:0.000000s ]
INFO: [ app_init ] --END-- [ RunTime:0.001000s ]
INFO: [ app_begin ] --START--
INFO: Run Behavior\ReadHtmlCacheBehavior [ RunTime:0.001501s ]
INFO: [ app_begin ] --END-- [ RunTime:0.002001s ]
SQL: SHOW COLUMNS FROM `sr_loca` [ RunTime:0.8291s ]

[ 2016-01-06T14:58:45+08:00 ] 192.168.1.13 /webroot/App/Test/UploadLocation/saveLocation?device=0
INFO: [ app_init ] --START--
INFO: Run Behavior\BuildLiteBehavior [ RunTime:0.000500s ]
INFO: [ app_init ] --END-- [ RunTime:0.001000s ]
INFO: [ app_begin ] --START--
INFO: Run Behavior\ReadHtmlCacheBehavior [ RunTime:0.001000s ]
INFO: [ app_begin ] --END-- [ RunTime:0.002000s ]
SQL: SHOW COLUMNS FROM `sr_loca` [ RunTime:0.0295s ]

[ 2016-01-06T15:01:16+08:00 ] 192.168.1.13 /webroot/App/Test/UploadLocation/saveLocation?device=0
INFO: [ app_init ] --START--
INFO: Run Behavior\BuildLiteBehavior [ RunTime:0.000000s ]
INFO: [ app_init ] --END-- [ RunTime:0.001000s ]
INFO: [ app_begin ] --START--
INFO: Run Behavior\ReadHtmlCacheBehavior [ RunTime:0.001000s ]
INFO: [ app_begin ] --END-- [ RunTime:0.001500s ]
SQL: SHOW COLUMNS FROM `sr_loca` [ RunTime:0.0510s ]
NOTIC: [8] Undefined index: device_token D:\htdocs\webroot\Core\Library\Think\Model.class.php 第 1292 行.

[ 2016-01-06T15:01:48+08:00 ] 192.168.1.13 /webroot/App/Test/UploadLocation/saveLocation?device=0
INFO: [ app_init ] --START--
INFO: Run Behavior\BuildLiteBehavior [ RunTime:0.000000s ]
INFO: [ app_init ] --END-- [ RunTime:0.000500s ]
INFO: [ app_begin ] --START--
INFO: Run Behavior\ReadHtmlCacheBehavior [ RunTime:0.001000s ]
INFO: [ app_begin ] --END-- [ RunTime:0.001500s ]
SQL: SHOW COLUMNS FROM `sr_loca` [ RunTime:0.0275s ]
NOTIC: [8] Undefined index: device_token D:\htdocs\webroot\Core\Library\Think\Model.class.php 第 1292 行.

[ 2016-01-06T15:01:49+08:00 ] 192.168.1.13 /webroot/App/Test/UploadLocation/saveLocation?device=0
INFO: [ app_init ] --START--
INFO: Run Behavior\BuildLiteBehavior [ RunTime:0.000000s ]
INFO: [ app_init ] --END-- [ RunTime:0.001000s ]
INFO: [ app_begin ] --START--
INFO: Run Behavior\ReadHtmlCacheBehavior [ RunTime:0.001000s ]
INFO: [ app_begin ] --END-- [ RunTime:0.001000s ]
SQL: SHOW COLUMNS FROM `sr_loca` [ RunTime:0.1110s ]
NOTIC: [8] Undefined index: device_token D:\htdocs\webroot\Core\Library\Think\Model.class.php 第 1292 行.

[ 2016-01-06T15:31:18+08:00 ] 192.168.1.13 /webroot/App/Test/UploadLocation/registDevice?device_token=111111
INFO: [ app_init ] --START--
INFO: Run Behavior\BuildLiteBehavior [ RunTime:0.000000s ]
INFO: [ app_init ] --END-- [ RunTime:0.002000s ]
INFO: [ app_begin ] --START--
INFO: Run Behavior\ReadHtmlCacheBehavior [ RunTime:0.001001s ]
INFO: [ app_begin ] --END-- [ RunTime:0.001501s ]
SQL: SHOW COLUMNS FROM `sr_device` [ RunTime:0.1335s ]
SQL: SELECT * FROM `sr_device` WHERE `device_token` = '111111' LIMIT 1   [ RunTime:0.0915s ]

[ 2016-01-06T15:32:10+08:00 ] 192.168.1.13 /webroot/App/Test/UploadLocation/registDevice?device_token=1112111
INFO: [ app_init ] --START--
INFO: Run Behavior\BuildLiteBehavior [ RunTime:0.000000s ]
INFO: [ app_init ] --END-- [ RunTime:0.001000s ]
INFO: [ app_begin ] --START--
INFO: Run Behavior\ReadHtmlCacheBehavior [ RunTime:0.001000s ]
INFO: [ app_begin ] --END-- [ RunTime:0.001000s ]
SQL: SHOW COLUMNS FROM `sr_device` [ RunTime:0.0595s ]
SQL: SELECT * FROM `sr_device` WHERE `device_token` = '1112111' LIMIT 1   [ RunTime:0.0600s ]

[ 2016-01-06T15:35:06+08:00 ] 192.168.1.13 /webroot/App/Test/UploadLocation/registDevice?device_token=111113
INFO: [ app_init ] --START--
INFO: Run Behavior\BuildLiteBehavior [ RunTime:0.000500s ]
INFO: [ app_init ] --END-- [ RunTime:0.002000s ]
INFO: [ app_begin ] --START--
INFO: Run Behavior\ReadHtmlCacheBehavior [ RunTime:0.001500s ]
INFO: [ app_begin ] --END-- [ RunTime:0.001500s ]
SQL: SHOW COLUMNS FROM `sr_device` [ RunTime:0.0305s ]
SQL: SELECT * FROM `sr_device` WHERE `device_token` = '111113' LIMIT 1   [ RunTime:0.0475s ]
NOTIC: [2] Illegal offset type in isset or empty D:\htdocs\webroot\Core\Library\Think\Model.class.php 第 1005 行.
SQL: INSERT INTO `sr_device` (`device_token`,`add_time`) VALUES ('111113','2016-01-06 15:35:05') [ RunTime:0.1035s ]

[ 2016-01-06T15:36:09+08:00 ] 192.168.1.13 /webroot/App/Test/UploadLocation/registDevice?device_token
INFO: [ app_init ] --START--
INFO: Run Behavior\BuildLiteBehavior [ RunTime:0.000000s ]
INFO: [ app_init ] --END-- [ RunTime:0.000500s ]
INFO: [ app_begin ] --START--
INFO: Run Behavior\ReadHtmlCacheBehavior [ RunTime:0.001001s ]
INFO: [ app_begin ] --END-- [ RunTime:0.001501s ]

[ 2016-01-06T15:36:14+08:00 ] 192.168.1.13 /webroot/App/Test/UploadLocation/registDevice?device_token=111113
INFO: [ app_init ] --START--
INFO: Run Behavior\BuildLiteBehavior [ RunTime:0.000000s ]
INFO: [ app_init ] --END-- [ RunTime:0.001500s ]
INFO: [ app_begin ] --START--
INFO: Run Behavior\ReadHtmlCacheBehavior [ RunTime:0.001001s ]
INFO: [ app_begin ] --END-- [ RunTime:0.001001s ]
SQL: SHOW COLUMNS FROM `sr_device` [ RunTime:0.0440s ]
SQL: SELECT * FROM `sr_device` WHERE `device_token` = '111113' LIMIT 1   [ RunTime:0.0410s ]

[ 2016-01-06T15:38:09+08:00 ] 192.168.1.13 /webroot/App/Test/UploadLocation/registDevice?device_token=111113
INFO: [ app_init ] --START--
INFO: Run Behavior\BuildLiteBehavior [ RunTime:0.000000s ]
INFO: [ app_init ] --END-- [ RunTime:0.001000s ]
INFO: [ app_begin ] --START--
INFO: Run Behavior\ReadHtmlCacheBehavior [ RunTime:0.001000s ]
INFO: [ app_begin ] --END-- [ RunTime:0.001000s ]
SQL: SHOW COLUMNS FROM `sr_device` [ RunTime:0.0610s ]
SQL: SELECT * FROM `sr_device` WHERE `device_token` = '111113' LIMIT 1   [ RunTime:0.0300s ]

[ 2016-01-06T15:38:10+08:00 ] 192.168.1.13 /webroot/App/Test/UploadLocation/registDevice?device_token=111113
INFO: [ app_init ] --START--
INFO: Run Behavior\BuildLiteBehavior [ RunTime:0.000000s ]
INFO: [ app_init ] --END-- [ RunTime:0.000500s ]
INFO: [ app_begin ] --START--
INFO: Run Behavior\ReadHtmlCacheBehavior [ RunTime:0.001000s ]
INFO: [ app_begin ] --END-- [ RunTime:0.001501s ]
SQL: SHOW COLUMNS FROM `sr_device` [ RunTime:0.0365s ]
SQL: SELECT * FROM `sr_device` WHERE `device_token` = '111113' LIMIT 1   [ RunTime:0.0555s ]

[ 2016-01-06T15:44:13+08:00 ] 192.168.1.13 /webroot/App/Test/UploadLocation/saveGravity?device_token=111113
INFO: [ app_init ] --START--
INFO: Run Behavior\BuildLiteBehavior [ RunTime:0.000000s ]
INFO: [ app_init ] --END-- [ RunTime:0.001500s ]
INFO: [ app_begin ] --START--
INFO: Run Behavior\ReadHtmlCacheBehavior [ RunTime:0.001000s ]
INFO: [ app_begin ] --END-- [ RunTime:0.001500s ]
SQL: SHOW COLUMNS FROM `sr_gravity_data` [ RunTime:0.0715s ]
NOTIC: [8] Undefined index: x D:\htdocs\webroot\Core\Library\Think\Model.class.php 第 1292 行.

[ 2016-01-06T15:45:06+08:00 ] 192.168.1.13 /webroot/App/Test/UploadLocation/saveGravity?device_token=111113&x=we&y=12&z=12
INFO: [ app_init ] --START--
INFO: Run Behavior\BuildLiteBehavior [ RunTime:0.000000s ]
INFO: [ app_init ] --END-- [ RunTime:0.001000s ]
INFO: [ app_begin ] --START--
INFO: Run Behavior\ReadHtmlCacheBehavior [ RunTime:0.000500s ]
INFO: [ app_begin ] --END-- [ RunTime:0.001000s ]
SQL: SHOW COLUMNS FROM `sr_gravity_data` [ RunTime:0.0340s ]
SQL: INSERT INTO `sr_gravity_data` (`device_token`,`x`,`y`,`z`,`add_time`) VALUES ('111113','0','12','12','2016-01-06 15:45:06') [ RunTime:0.0895s ]

[ 2016-01-06T15:47:24+08:00 ] 192.168.1.13 /webroot/App/Test/UploadLocation/saveGravity?device_token=111113&x=we&y=12&z=12
INFO: [ app_init ] --START--
INFO: Run Behavior\BuildLiteBehavior [ RunTime:0.000000s ]
INFO: [ app_init ] --END-- [ RunTime:0.000500s ]
INFO: [ app_begin ] --START--
INFO: Run Behavior\ReadHtmlCacheBehavior [ RunTime:0.001000s ]
INFO: [ app_begin ] --END-- [ RunTime:0.001000s ]
SQL: SHOW COLUMNS FROM `sr_gravity_data` [ RunTime:0.0265s ]

[ 2016-01-06T15:47:31+08:00 ] 192.168.1.13 /webroot/App/Test/UploadLocation/saveGravity?device_token=111113&x=&y=12&z=12
INFO: [ app_init ] --START--
INFO: Run Behavior\BuildLiteBehavior [ RunTime:0.000000s ]
INFO: [ app_init ] --END-- [ RunTime:0.002001s ]
INFO: [ app_begin ] --START--
INFO: Run Behavior\ReadHtmlCacheBehavior [ RunTime:0.002000s ]
INFO: [ app_begin ] --END-- [ RunTime:0.002500s ]
SQL: SHOW COLUMNS FROM `sr_gravity_data` [ RunTime:0.0395s ]

[ 2016-01-06T15:47:39+08:00 ] 192.168.1.13 /webroot/App/Test/UploadLocation/saveGravity?device_token=111113&x=334&y=12&z=12
INFO: [ app_init ] --START--
INFO: Run Behavior\BuildLiteBehavior [ RunTime:0.000000s ]
INFO: [ app_init ] --END-- [ RunTime:0.005000s ]
INFO: [ app_begin ] --START--
INFO: Run Behavior\ReadHtmlCacheBehavior [ RunTime:0.000500s ]
INFO: [ app_begin ] --END-- [ RunTime:0.001000s ]
SQL: SHOW COLUMNS FROM `sr_gravity_data` [ RunTime:0.0270s ]
SQL: INSERT INTO `sr_gravity_data` (`device_token`,`x`,`y`,`z`,`add_time`) VALUES ('111113','334','12','12','2016-01-06 15:47:39') [ RunTime:0.0220s ]

[ 2016-01-06T15:47:52+08:00 ] 192.168.1.13 /webroot/App/Test/UploadLocation/saveGravity?device_token=111113&x=3.44&y=12&z=12
INFO: [ app_init ] --START--
INFO: Run Behavior\BuildLiteBehavior [ RunTime:0.000000s ]
INFO: [ app_init ] --END-- [ RunTime:0.001500s ]
INFO: [ app_begin ] --START--
INFO: Run Behavior\ReadHtmlCacheBehavior [ RunTime:0.001000s ]
INFO: [ app_begin ] --END-- [ RunTime:0.001000s ]
SQL: SHOW COLUMNS FROM `sr_gravity_data` [ RunTime:0.0505s ]

[ 2016-01-06T15:50:06+08:00 ] 192.168.1.13 /webroot/App/Test/UploadLocation/registDevice?device_token=111113
INFO: [ app_init ] --START--
INFO: Run Behavior\BuildLiteBehavior [ RunTime:0.000000s ]
INFO: [ app_init ] --END-- [ RunTime:0.002000s ]
INFO: [ app_begin ] --START--
INFO: Run Behavior\ReadHtmlCacheBehavior [ RunTime:0.002001s ]
INFO: [ app_begin ] --END-- [ RunTime:0.003001s ]
SQL: SHOW COLUMNS FROM `sr_device` [ RunTime:0.2660s ]
SQL: SELECT * FROM `sr_device` WHERE `device_token` = '111113' LIMIT 1   [ RunTime:0.0995s ]

[ 2016-01-06T15:51:16+08:00 ] 192.168.1.13 /webroot/App/Test/UploadLocation/saveGravity?device_token=111113&x=3.44&y=12&z=12
INFO: [ app_init ] --START--
INFO: Run Behavior\BuildLiteBehavior [ RunTime:0.000000s ]
INFO: [ app_init ] --END-- [ RunTime:0.002000s ]
INFO: [ app_begin ] --START--
INFO: Run Behavior\ReadHtmlCacheBehavior [ RunTime:0.002501s ]
INFO: [ app_begin ] --END-- [ RunTime:0.003501s ]
SQL: SHOW COLUMNS FROM `sr_gravity_data` [ RunTime:0.1310s ]
SQL: INSERT INTO `sr_gravity_data` (`device_token`,`x`,`y`,`z`,`add_time`) VALUES ('111113','3.44','12','12','2016-01-06 15:51:16') [ RunTime:0.1670s ]

[ 2016-01-06T15:51:24+08:00 ] 192.168.1.13 /webroot/App/Test/UploadLocation/saveGravity?device_token=111113&x=3.4a4&y=12&z=12
INFO: [ app_init ] --START--
INFO: Run Behavior\BuildLiteBehavior [ RunTime:0.000000s ]
INFO: [ app_init ] --END-- [ RunTime:0.002000s ]
INFO: [ app_begin ] --START--
INFO: Run Behavior\ReadHtmlCacheBehavior [ RunTime:0.002501s ]
INFO: [ app_begin ] --END-- [ RunTime:0.002501s ]
SQL: SHOW COLUMNS FROM `sr_gravity_data` [ RunTime:0.1535s ]

[ 2016-01-06T15:51:34+08:00 ] 192.168.1.13 /webroot/App/Test/UploadLocation/saveGravity?device_token=111113&x=.44&y=12&z=12
INFO: [ app_init ] --START--
INFO: Run Behavior\BuildLiteBehavior [ RunTime:0.000000s ]
INFO: [ app_init ] --END-- [ RunTime:0.000500s ]
INFO: [ app_begin ] --START--
INFO: Run Behavior\ReadHtmlCacheBehavior [ RunTime:0.000500s ]
INFO: [ app_begin ] --END-- [ RunTime:0.001000s ]
SQL: SHOW COLUMNS FROM `sr_gravity_data` [ RunTime:0.1210s ]
SQL: INSERT INTO `sr_gravity_data` (`device_token`,`x`,`y`,`z`,`add_time`) VALUES ('111113','0.44','12','12','2016-01-06 15:51:34') [ RunTime:0.0380s ]

[ 2016-01-06T15:52:02+08:00 ] 192.168.1.13 /webroot/App/Test/UploadLocation/saveGravity?device_token=111113&x=3.44&y=12&z=12
INFO: [ app_init ] --START--
INFO: Run Behavior\BuildLiteBehavior [ RunTime:0.000000s ]
INFO: [ app_init ] --END-- [ RunTime:0.001501s ]
INFO: [ app_begin ] --START--
INFO: Run Behavior\ReadHtmlCacheBehavior [ RunTime:0.001000s ]
INFO: [ app_begin ] --END-- [ RunTime:0.002000s ]
SQL: SHOW COLUMNS FROM `sr_gravity_data` [ RunTime:0.0380s ]
SQL: INSERT INTO `sr_gravity_data` (`device_token`,`x`,`y`,`z`,`add_time`) VALUES ('111113','3.44','12','12','2016-01-06 15:52:01') [ RunTime:0.0260s ]

[ 2016-01-06T15:52:36+08:00 ] 192.168.1.13 /webroot/App/Test/UploadLocation/saveGravity?device_token=111113&x=3.44&y=12&z=12
INFO: [ app_init ] --START--
INFO: Run Behavior\BuildLiteBehavior [ RunTime:0.000000s ]
INFO: [ app_init ] --END-- [ RunTime:0.001000s ]
INFO: [ app_begin ] --START--
INFO: Run Behavior\ReadHtmlCacheBehavior [ RunTime:0.001001s ]
INFO: [ app_begin ] --END-- [ RunTime:0.001501s ]
SQL: SHOW COLUMNS FROM `sr_gravity_data` [ RunTime:0.3420s ]
SQL: INSERT INTO `sr_gravity_data` (`device_token`,`x`,`y`,`z`,`add_time`) VALUES ('111113','3.44','12','12','2016-01-06 15:52:36') [ RunTime:0.0315s ]

[ 2016-01-06T15:53:45+08:00 ] 192.168.1.13 /webroot/App/Test/UploadLocation/saveGravity?device_token=111113&x=3.44&y=12&z=12
INFO: [ app_init ] --START--
INFO: Run Behavior\BuildLiteBehavior [ RunTime:0.000500s ]
INFO: [ app_init ] --END-- [ RunTime:0.001000s ]
INFO: [ app_begin ] --START--
INFO: Run Behavior\ReadHtmlCacheBehavior [ RunTime:0.001000s ]
INFO: [ app_begin ] --END-- [ RunTime:0.001500s ]
SQL: SHOW COLUMNS FROM `sr_gravity_data` [ RunTime:0.9206s ]
SQL: INSERT INTO `sr_gravity_data` (`device_token`,`x`,`y`,`z`,`add_time`) VALUES ('111113','3.44','12','12','2016-01-06 15:53:45') [ RunTime:0.1440s ]

[ 2016-01-06T15:55:00+08:00 ] 192.168.1.13 /webroot/App/Test/UploadLocation/saveGravity?device_token=111113&x=3.44&y=12&z=12
INFO: [ app_init ] --START--
INFO: Run Behavior\BuildLiteBehavior [ RunTime:0.000000s ]
INFO: [ app_init ] --END-- [ RunTime:0.001500s ]
INFO: [ app_begin ] --START--
INFO: Run Behavior\ReadHtmlCacheBehavior [ RunTime:0.001000s ]
INFO: [ app_begin ] --END-- [ RunTime:0.001501s ]
SQL: SHOW COLUMNS FROM `sr_gravity_data` [ RunTime:0.0740s ]

[ 2016-01-06T15:55:35+08:00 ] 192.168.1.13 /webroot/App/Test/UploadLocation/saveGravity?device_token=111113&x=3.44&y=12&z=12
INFO: [ app_init ] --START--
INFO: Run Behavior\BuildLiteBehavior [ RunTime:0.000500s ]
INFO: [ app_init ] --END-- [ RunTime:0.001001s ]
INFO: [ app_begin ] --START--
INFO: Run Behavior\ReadHtmlCacheBehavior [ RunTime:0.001000s ]
INFO: [ app_begin ] --END-- [ RunTime:0.001000s ]

[ 2016-01-06T15:55:44+08:00 ] 192.168.1.13 /webroot/App/Test/UploadLocation/saveGravity?device_token=111113&x=3.44&y=12&z=12
INFO: [ app_init ] --START--
INFO: Run Behavior\BuildLiteBehavior [ RunTime:0.000000s ]
INFO: [ app_init ] --END-- [ RunTime:0.001000s ]
INFO: [ app_begin ] --START--
INFO: Run Behavior\ReadHtmlCacheBehavior [ RunTime:0.000500s ]
INFO: [ app_begin ] --END-- [ RunTime:0.001000s ]

[ 2016-01-06T15:57:28+08:00 ] 192.168.1.13 /webroot/App/Test/UploadLocation/saveGravity?device_token=111113&x=3.44&y=12&z=12
INFO: [ app_init ] --START--
INFO: Run Behavior\BuildLiteBehavior [ RunTime:0.000000s ]
INFO: [ app_init ] --END-- [ RunTime:0.001000s ]
INFO: [ app_begin ] --START--
INFO: Run Behavior\ReadHtmlCacheBehavior [ RunTime:0.001000s ]
INFO: [ app_begin ] --END-- [ RunTime:0.001500s ]

[ 2016-01-06T15:57:36+08:00 ] 192.168.1.13 /webroot/App/Test/UploadLocation/saveGravity?device_token=111113&x=3.44&y=12&z=12
INFO: [ app_init ] --START--
INFO: Run Behavior\BuildLiteBehavior [ RunTime:0.000000s ]
INFO: [ app_init ] --END-- [ RunTime:0.001000s ]
INFO: [ app_begin ] --START--
INFO: Run Behavior\ReadHtmlCacheBehavior [ RunTime:0.001000s ]
INFO: [ app_begin ] --END-- [ RunTime:0.001500s ]

[ 2016-01-06T15:58:01+08:00 ] 192.168.1.13 /webroot/App/Test/UploadLocation/saveGravity?device_token=111113&x=3.44&y=12&z=12
INFO: [ app_init ] --START--
INFO: Run Behavior\BuildLiteBehavior [ RunTime:0.000500s ]
INFO: [ app_init ] --END-- [ RunTime:0.001000s ]
INFO: [ app_begin ] --START--
INFO: Run Behavior\ReadHtmlCacheBehavior [ RunTime:0.001500s ]
INFO: [ app_begin ] --END-- [ RunTime:0.001500s ]
SQL: SHOW COLUMNS FROM `sr_gravity_data` [ RunTime:0.0455s ]
SQL: INSERT INTO `sr_gravity_data` (`device_token`,`x`,`y`,`z`,`add_time`) VALUES ('111113','3.44','12','12','2016-01-06 15:58:01') [ RunTime:0.0290s ]

[ 2016-01-06T16:02:08+08:00 ] 192.168.1.13 /webroot/App/Test/UploadLocation/saveGravity?device_token=111113&x=3.44&y=12&z=12
INFO: [ app_init ] --START--
INFO: Run Behavior\BuildLiteBehavior [ RunTime:0.000000s ]
INFO: [ app_init ] --END-- [ RunTime:0.001000s ]
INFO: [ app_begin ] --START--
INFO: Run Behavior\ReadHtmlCacheBehavior [ RunTime:0.001000s ]
INFO: [ app_begin ] --END-- [ RunTime:0.001500s ]
SQL: SHOW COLUMNS FROM `sr_gravity_data` [ RunTime:0.0285s ]
SQL: INSERT INTO `sr_gravity_data` (`device_token`,`x`,`y`,`z`,`add_time`) VALUES ('111113','3.44','12','12','2016-01-06 16:02:08') [ RunTime:0.0355s ]

[ 2016-01-06T16:03:28+08:00 ] 192.168.1.13 /webroot/App/Test/UploadLocation/saveGravity?device_token=111113&x=3.44&y=12&z=12
INFO: [ app_init ] --START--
INFO: Run Behavior\BuildLiteBehavior [ RunTime:0.000000s ]
INFO: [ app_init ] --END-- [ RunTime:0.001000s ]
INFO: [ app_begin ] --START--
INFO: Run Behavior\ReadHtmlCacheBehavior [ RunTime:0.001000s ]
INFO: [ app_begin ] --END-- [ RunTime:0.001000s ]
SQL: SHOW COLUMNS FROM `sr_gravity_data` [ RunTime:0.0305s ]
SQL: INSERT INTO `sr_gravity_data` (`device_token`,`x`,`y`,`z`,`add_time`) VALUES ('111113','3.44','12','12','2016-01-06 16:03:28') [ RunTime:0.0235s ]

[ 2016-01-06T16:06:01+08:00 ] 192.168.1.13 /webroot/App/Test/UploadLocation/saveGravity?device_token=111113&x=3.44&y=12&z=12
INFO: [ app_init ] --START--
INFO: Run Behavior\BuildLiteBehavior [ RunTime:0.000000s ]
INFO: [ app_init ] --END-- [ RunTime:0.000500s ]
INFO: [ app_begin ] --START--
INFO: Run Behavior\ReadHtmlCacheBehavior [ RunTime:0.001000s ]
INFO: [ app_begin ] --END-- [ RunTime:0.001500s ]
SQL: SHOW COLUMNS FROM `sr_gravity_data` [ RunTime:0.0570s ]
SQL: INSERT INTO `sr_gravity_data` (`device_token`,`x`,`y`,`z`,`add_time`) VALUES ('111113','3.44','12','12','2016-01-06 16:06:01') [ RunTime:0.0340s ]

[ 2016-01-06T16:06:56+08:00 ] 192.168.1.13 /webroot/App/Test/UploadLocation/saveGravity?device_token=111113&x=3.44&y=12&z=12
INFO: [ app_init ] --START--
INFO: Run Behavior\BuildLiteBehavior [ RunTime:0.000500s ]
INFO: [ app_init ] --END-- [ RunTime:0.001000s ]
INFO: [ app_begin ] --START--
INFO: Run Behavior\ReadHtmlCacheBehavior [ RunTime:0.001001s ]
INFO: [ app_begin ] --END-- [ RunTime:0.001501s ]
SQL: SHOW COLUMNS FROM `sr_gravity_data` [ RunTime:0.0320s ]
SQL: INSERT INTO `sr_gravity_data` (`device_token`,`x`,`y`,`z`,`add_time`) VALUES ('111113','3.44','12','12','2016-01-06 16:06:56') [ RunTime:0.0240s ]

[ 2016-01-06T16:07:48+08:00 ] 192.168.1.13 /webroot/App/Test/UploadLocation/saveGravity?device_token=111113&x=3.44&y=12&z=12
INFO: [ app_init ] --START--
INFO: Run Behavior\BuildLiteBehavior [ RunTime:0.000000s ]
INFO: [ app_init ] --END-- [ RunTime:0.001000s ]
INFO: [ app_begin ] --START--
INFO: Run Behavior\ReadHtmlCacheBehavior [ RunTime:0.001000s ]
INFO: [ app_begin ] --END-- [ RunTime:0.001500s ]
SQL: SHOW COLUMNS FROM `sr_gravity_data` [ RunTime:0.1870s ]
SQL: INSERT INTO `sr_gravity_data` (`device_token`,`x`,`y`,`z`,`add_time`) VALUES ('111113','3.44','12','12','2016-01-06 16:07:48') [ RunTime:0.0275s ]

[ 2016-01-06T16:08:47+08:00 ] 192.168.1.13 /webroot/App/Test/UploadLocation/saveGravity?device_token=111113
INFO: [ app_init ] --START--
INFO: Run Behavior\BuildLiteBehavior [ RunTime:0.000000s ]
INFO: [ app_init ] --END-- [ RunTime:0.001500s ]
INFO: [ app_begin ] --START--
INFO: Run Behavior\ReadHtmlCacheBehavior [ RunTime:0.001000s ]
INFO: [ app_begin ] --END-- [ RunTime:0.001500s ]
SQL: SHOW COLUMNS FROM `sr_gravity_data` [ RunTime:0.0300s ]
NOTIC: [8] Undefined index: x D:\htdocs\webroot\Core\Library\Think\Model.class.php 第 1265 行.

[ 2016-01-06T18:40:39+08:00 ] 192.168.1.13 /webroot/App/Test/UploadLocation/saveGravity?device_token=111113&x=3.44&y=12&z=12
INFO: [ app_init ] --START--
INFO: Run Behavior\BuildLiteBehavior [ RunTime:0.000500s ]
INFO: [ app_init ] --END-- [ RunTime:0.004000s ]
INFO: [ app_begin ] --START--
INFO: Run Behavior\ReadHtmlCacheBehavior [ RunTime:0.002500s ]
INFO: [ app_begin ] --END-- [ RunTime:0.004000s ]
SQL: SHOW COLUMNS FROM `sr_gravity_data` [ RunTime:0.0275s ]
SQL: INSERT INTO `sr_gravity_data` (`device_token`,`x`,`y`,`z`,`add_time`) VALUES ('111113','3.44','12','12','2016-01-06 18:40:39') [ RunTime:0.0215s ]

[ 2016-01-06T18:41:36+08:00 ] 192.168.1.13 /webroot/App/Test/UploadLocation/saveGravity?device_token=111113&x=3.44&y=12&z=12
INFO: [ app_init ] --START--
INFO: Run Behavior\BuildLiteBehavior [ RunTime:0.000000s ]
INFO: [ app_init ] --END-- [ RunTime:0.001500s ]
INFO: [ app_begin ] --START--
INFO: Run Behavior\ReadHtmlCacheBehavior [ RunTime:0.001000s ]
INFO: [ app_begin ] --END-- [ RunTime:0.001000s ]
SQL: SHOW COLUMNS FROM `sr_gravity_data` [ RunTime:0.0285s ]
SQL: INSERT INTO `sr_gravity_data` (`device_token`,`x`,`y`,`z`,`add_time`) VALUES ('111113','3.44','12','12','2016-01-06 18:41:36') [ RunTime:0.0650s ]

[ 2016-01-06T18:41:56+08:00 ] 192.168.1.13 /webroot/App/Test/UploadLocation/saveGravity?device_token=111113&x=3.44&y=12&z=12
INFO: [ app_init ] --START--
INFO: Run Behavior\BuildLiteBehavior [ RunTime:0.000000s ]
INFO: [ app_init ] --END-- [ RunTime:0.001000s ]
INFO: [ app_begin ] --START--
INFO: Run Behavior\ReadHtmlCacheBehavior [ RunTime:0.001000s ]
INFO: [ app_begin ] --END-- [ RunTime:0.001000s ]
NOTIC: [8] Array to string conversion D:\htdocs\webroot\Application\App\Controller\Test\UploadLocationController.class.php 第 42 行.
SQL: SHOW COLUMNS FROM `sr_gravity_data` [ RunTime:0.0335s ]
SQL: INSERT INTO `sr_gravity_data` (`device_token`,`x`,`y`,`z`,`add_time`) VALUES ('111113','3.44','12','12','2016-01-06 18:41:56') [ RunTime:0.0300s ]

[ 2016-01-06T18:42:15+08:00 ] 192.168.1.13 /webroot/App/Test/UploadLocation/saveGravity?device_token=111113&x=3.44&y=12&z=12
INFO: [ app_init ] --START--
INFO: Run Behavior\BuildLiteBehavior [ RunTime:0.000000s ]
INFO: [ app_init ] --END-- [ RunTime:0.001000s ]
INFO: [ app_begin ] --START--
INFO: Run Behavior\ReadHtmlCacheBehavior [ RunTime:0.001000s ]
INFO: [ app_begin ] --END-- [ RunTime:0.001500s ]
NOTIC: [8] Array to string conversion D:\htdocs\webroot\Application\App\Controller\Test\UploadLocationController.class.php 第 42 行.

[ 2016-01-06T18:42:29+08:00 ] 192.168.1.13 /webroot/App/Test/UploadLocation/saveGravity?device_token=111113&x=3.44&y=12&z=12
INFO: [ app_init ] --START--
INFO: Run Behavior\BuildLiteBehavior [ RunTime:0.000500s ]
INFO: [ app_init ] --END-- [ RunTime:0.002500s ]
INFO: [ app_begin ] --START--
INFO: Run Behavior\ReadHtmlCacheBehavior [ RunTime:0.001500s ]
INFO: [ app_begin ] --END-- [ RunTime:0.002500s ]

[ 2016-01-06T18:43:22+08:00 ] 192.168.1.13 /webroot/App/Test/UploadLocation/saveGravity?device_token=111113&x=3.44&y=12&z=12
INFO: [ app_init ] --START--
INFO: Run Behavior\BuildLiteBehavior [ RunTime:0.000000s ]
INFO: [ app_init ] --END-- [ RunTime:0.001000s ]
INFO: [ app_begin ] --START--
INFO: Run Behavior\ReadHtmlCacheBehavior [ RunTime:0.001000s ]
INFO: [ app_begin ] --END-- [ RunTime:0.001000s ]

[ 2016-01-06T18:43:29+08:00 ] 192.168.1.13 /webroot/App/Test/UploadLocation/saveGravity?device_token=111113&x=3.44&y=12&z=12
INFO: [ app_init ] --START--
INFO: Run Behavior\BuildLiteBehavior [ RunTime:0.000500s ]
INFO: [ app_init ] --END-- [ RunTime:0.007500s ]
INFO: [ app_begin ] --START--
INFO: Run Behavior\ReadHtmlCacheBehavior [ RunTime:0.001000s ]
INFO: [ app_begin ] --END-- [ RunTime:0.001000s ]
SQL: SHOW COLUMNS FROM `sr_gravity_data` [ RunTime:0.0545s ]
SQL: INSERT INTO `sr_gravity_data` (`device_token`,`x`,`y`,`z`,`add_time`) VALUES ('111113','3.44','12','12','2016-01-06 18:43:29') [ RunTime:0.0335s ]

[ 2016-01-06T18:45:21+08:00 ] 192.168.1.13 /webroot/App/Test/UploadLocation/saveGravity?device_token=111113&x=3.44&y=12&z=12
INFO: [ app_init ] --START--
INFO: Run Behavior\BuildLiteBehavior [ RunTime:0.000500s ]
INFO: [ app_init ] --END-- [ RunTime:0.003501s ]
INFO: [ app_begin ] --START--
INFO: Run Behavior\ReadHtmlCacheBehavior [ RunTime:0.002500s ]
INFO: [ app_begin ] --END-- [ RunTime:0.004000s ]
SQL: SHOW COLUMNS FROM `sr_gravity_data` [ RunTime:0.0350s ]
SQL: INSERT INTO `sr_gravity_data` (`device_token`,`x`,`y`,`z`,`add_time`) VALUES ('111113','3.44','12','12','2016-01-06 18:45:21') [ RunTime:0.0245s ]

[ 2016-01-06T18:45:38+08:00 ] 192.168.1.13 /webroot/App/Test/UploadLocation/saveGravity?device_token=111113&x=3.44&y=12&z=12
INFO: [ app_init ] --START--
INFO: Run Behavior\BuildLiteBehavior [ RunTime:0.000000s ]
INFO: [ app_init ] --END-- [ RunTime:0.002000s ]
INFO: [ app_begin ] --START--
INFO: Run Behavior\ReadHtmlCacheBehavior [ RunTime:0.001500s ]
INFO: [ app_begin ] --END-- [ RunTime:0.001500s ]
SQL: SHOW COLUMNS FROM `sr_gravity_data` [ RunTime:0.0390s ]
SQL: INSERT INTO `sr_gravity_data` (`device_token`,`x`,`y`,`z`,`data_time`) VALUES ('111113','3.44','12','12','1452077138625') [ RunTime:0.0210s ]

[ 2016-01-06T18:45:48+08:00 ] 192.168.1.13 /webroot/App/Test/UploadLocation/saveGravity?device_token=111113&x=3.44&y=12&z=12
INFO: [ app_init ] --START--
INFO: Run Behavior\BuildLiteBehavior [ RunTime:0.000000s ]
INFO: [ app_init ] --END-- [ RunTime:0.001501s ]
INFO: [ app_begin ] --START--
INFO: Run Behavior\ReadHtmlCacheBehavior [ RunTime:0.001000s ]
INFO: [ app_begin ] --END-- [ RunTime:0.001500s ]
SQL: SHOW COLUMNS FROM `sr_gravity_data` [ RunTime:0.0315s ]
SQL: INSERT INTO `sr_gravity_data` (`device_token`,`x`,`y`,`z`,`data_time`) VALUES ('111113','3.44','12','12','1452077148231') [ RunTime:0.0325s ]

[ 2016-01-06T18:45:50+08:00 ] 192.168.1.13 /webroot/App/Test/UploadLocation/saveGravity?device_token=111113&x=3.44&y=12&z=12
INFO: [ app_init ] --START--
INFO: Run Behavior\BuildLiteBehavior [ RunTime:0.000000s ]
INFO: [ app_init ] --END-- [ RunTime:0.001500s ]
INFO: [ app_begin ] --START--
INFO: Run Behavior\ReadHtmlCacheBehavior [ RunTime:0.001001s ]
INFO: [ app_begin ] --END-- [ RunTime:0.001501s ]
SQL: SHOW COLUMNS FROM `sr_gravity_data` [ RunTime:0.0275s ]
SQL: INSERT INTO `sr_gravity_data` (`device_token`,`x`,`y`,`z`,`data_time`) VALUES ('111113','3.44','12','12','1452077149744') [ RunTime:0.0270s ]

[ 2016-01-06T19:04:31+08:00 ] 192.168.1.13 /webroot/App/Test/UploadLocation/saveLocation
INFO: [ app_init ] --START--
INFO: Run Behavior\BuildLiteBehavior [ RunTime:0.000000s ]
INFO: [ app_init ] --END-- [ RunTime:0.001000s ]
INFO: [ app_begin ] --START--
INFO: Run Behavior\ReadHtmlCacheBehavior [ RunTime:0.001000s ]
INFO: [ app_begin ] --END-- [ RunTime:0.001000s ]
SQL: SHOW COLUMNS FROM `sr_loca` [ RunTime:0.0330s ]

