[ 2015-11-12T10:09:01+08:00 ] ::1 /web/icon/_avatar_big.jpg
INFO: [ app_init ] --START--
INFO: Run Behavior\BuildLiteBehavior [ RunTime:0.000000s ]
INFO: [ app_init ] --END-- [ RunTime:0.001500s ]
ERR: 无法加载模块:Icon

[ 2015-11-12T10:09:01+08:00 ] ::1 /web/Uploads/System/Image/55c2bc3785bc2.png
INFO: [ app_init ] --START--
INFO: Run Behavior\BuildLiteBehavior [ RunTime:0.000000s ]
INFO: [ app_init ] --END-- [ RunTime:0.001501s ]
ERR: 无法加载模块:Uploads

[ 2015-11-12T10:09:01+08:00 ] ::1 /web/Uploads/System/Image/55d306d45de36.png
INFO: [ app_init ] --START--
INFO: Run Behavior\BuildLiteBehavior [ RunTime:0.000500s ]
INFO: [ app_init ] --END-- [ RunTime:0.002500s ]
ERR: 无法加载模块:Uploads

[ 2015-11-12T10:09:01+08:00 ] ::1 /web/Uploads/Shop/license/55d163994d3a1.png
INFO: [ app_init ] --START--
INFO: Run Behavior\BuildLiteBehavior [ RunTime:0.000000s ]
INFO: [ app_init ] --END-- [ RunTime:0.001500s ]
ERR: 无法加载模块:Uploads

[ 2015-11-12T10:09:02+08:00 ] ::1 /web/Uploads/Shop/license/55d2a6c313f6a.jpg
INFO: [ app_init ] --START--
INFO: Run Behavior\BuildLiteBehavior [ RunTime:0.000000s ]
INFO: [ app_init ] --END-- [ RunTime:0.001500s ]
ERR: 无法加载模块:Uploads

[ 2015-11-12T10:09:02+08:00 ] ::1 /web/Uploads/Shop/license/55cc8076527c3.jpg
INFO: [ app_init ] --START--
INFO: Run Behavior\BuildLiteBehavior [ RunTime:0.000000s ]
INFO: [ app_init ] --END-- [ RunTime:0.002000s ]
ERR: 无法加载模块:Uploads

[ 2015-11-12T10:09:02+08:00 ] ::1 /web/Uploads/Shop/license/55cab33776e5e.jpg
INFO: [ app_init ] --START--
INFO: Run Behavior\BuildLiteBehavior [ RunTime:0.000000s ]
INFO: [ app_init ] --END-- [ RunTime:0.001500s ]
ERR: 无法加载模块:Uploads

