[ 2015-11-19T14:56:18+08:00 ] ::1 /webroot/Backend
INFO: [ app_init ] --START--
INFO: Run Behavior\BuildLiteBehavior [ RunTime:0.000000s ]
INFO: [ app_init ] --END-- [ RunTime:0.001000s ]
INFO: [ app_begin ] --START--
INFO: Run Behavior\ReadHtmlCacheBehavior [ RunTime:0.001500s ]
INFO: [ app_begin ] --END-- [ RunTime:0.001500s ]
INFO: [ view_parse ] --START--
INFO: [ template_filter ] --START--
INFO: Run Behavior\ContentReplaceBehavior [ RunTime:0.000500s ]
INFO: [ template_filter ] --END-- [ RunTime:0.001500s ]
NOTIC: [8] Undefined variable: title D:\htdocs\webroot\Runtime\Cache\Backend\a918f0b5d7cff94bb9b0e45a1e4b5876.php 第 10 行.
NOTIC: [8] Undefined variable: keywords D:\htdocs\webroot\Runtime\Cache\Backend\a918f0b5d7cff94bb9b0e45a1e4b5876.php 第 10 行.
NOTIC: [8] Undefined variable: description D:\htdocs\webroot\Runtime\Cache\Backend\a918f0b5d7cff94bb9b0e45a1e4b5876.php 第 10 行.
INFO: Run Behavior\ParseTemplateBehavior [ RunTime:0.028004s ]
INFO: [ view_parse ] --END-- [ RunTime:0.028004s ]
INFO: [ view_filter ] --START--
INFO: Run Behavior\WriteHtmlCacheBehavior [ RunTime:0.001500s ]
INFO: Run Behavior\TokenBuildBehavior [ RunTime:0.001500s ]
INFO: [ view_filter ] --END-- [ RunTime:0.004000s ]
INFO: [ app_end ] --START--
INFO: Run Behavior\ShowPageTraceBehavior [ RunTime:0.001500s ]
INFO: [ app_end ] --END-- [ RunTime:0.002000s ]

[ 2015-11-19T14:56:18+08:00 ] ::1 /webroot/Backend/Base/Public/verify.html
INFO: [ app_init ] --START--
INFO: Run Behavior\BuildLiteBehavior [ RunTime:0.000000s ]
INFO: [ app_init ] --END-- [ RunTime:0.001501s ]
INFO: [ app_begin ] --START--
INFO: Run Behavior\ReadHtmlCacheBehavior [ RunTime:0.001001s ]
INFO: [ app_begin ] --END-- [ RunTime:0.001501s ]
INFO: [ app_end ] --START--
INFO: Run Behavior\ShowPageTraceBehavior [ RunTime:0.001500s ]
INFO: [ app_end ] --END-- [ RunTime:0.001500s ]

[ 2015-11-19T14:57:39+08:00 ] ::1 /webroot/index.php/Backend
INFO: [ app_init ] --START--
INFO: Run Behavior\BuildLiteBehavior [ RunTime:0.000000s ]
INFO: [ app_init ] --END-- [ RunTime:0.001000s ]
INFO: [ app_begin ] --START--
INFO: Run Behavior\ReadHtmlCacheBehavior [ RunTime:0.001000s ]
INFO: [ app_begin ] --END-- [ RunTime:0.001500s ]
INFO: [ view_parse ] --START--
INFO: [ template_filter ] --START--
INFO: Run Behavior\ContentReplaceBehavior [ RunTime:0.000000s ]
INFO: [ template_filter ] --END-- [ RunTime:0.001000s ]
NOTIC: [8] Undefined variable: title D:\htdocs\webroot\Runtime\Cache\Backend\a918f0b5d7cff94bb9b0e45a1e4b5876.php 第 10 行.
NOTIC: [8] Undefined variable: keywords D:\htdocs\webroot\Runtime\Cache\Backend\a918f0b5d7cff94bb9b0e45a1e4b5876.php 第 10 行.
NOTIC: [8] Undefined variable: description D:\htdocs\webroot\Runtime\Cache\Backend\a918f0b5d7cff94bb9b0e45a1e4b5876.php 第 10 行.
INFO: Run Behavior\ParseTemplateBehavior [ RunTime:0.022503s ]
INFO: [ view_parse ] --END-- [ RunTime:0.023003s ]
INFO: [ view_filter ] --START--
INFO: Run Behavior\WriteHtmlCacheBehavior [ RunTime:0.001000s ]
INFO: Run Behavior\TokenBuildBehavior [ RunTime:0.001000s ]
INFO: [ view_filter ] --END-- [ RunTime:0.002000s ]
INFO: [ app_end ] --START--
INFO: Run Behavior\ShowPageTraceBehavior [ RunTime:0.001000s ]
INFO: [ app_end ] --END-- [ RunTime:0.001501s ]

[ 2015-11-19T14:58:38+08:00 ] ::1 /webroot/index.php/Backend
INFO: [ app_init ] --START--
INFO: Run Behavior\BuildLiteBehavior [ RunTime:0.000000s ]
INFO: [ app_init ] --END-- [ RunTime:0.001500s ]
INFO: [ app_begin ] --START--
INFO: Run Behavior\ReadHtmlCacheBehavior [ RunTime:0.001000s ]
INFO: [ app_begin ] --END-- [ RunTime:0.001500s ]
INFO: [ view_parse ] --START--
INFO: [ template_filter ] --START--
INFO: Run Behavior\ContentReplaceBehavior [ RunTime:0.000500s ]
INFO: [ template_filter ] --END-- [ RunTime:0.000500s ]
NOTIC: [8] Undefined variable: title D:\htdocs\webroot\Runtime\Cache\Backend\a918f0b5d7cff94bb9b0e45a1e4b5876.php 第 10 行.
NOTIC: [8] Undefined variable: keywords D:\htdocs\webroot\Runtime\Cache\Backend\a918f0b5d7cff94bb9b0e45a1e4b5876.php 第 10 行.
NOTIC: [8] Undefined variable: description D:\htdocs\webroot\Runtime\Cache\Backend\a918f0b5d7cff94bb9b0e45a1e4b5876.php 第 10 行.
INFO: Run Behavior\ParseTemplateBehavior [ RunTime:0.021003s ]
INFO: [ view_parse ] --END-- [ RunTime:0.021503s ]
INFO: [ view_filter ] --START--
INFO: Run Behavior\WriteHtmlCacheBehavior [ RunTime:0.001500s ]
INFO: Run Behavior\TokenBuildBehavior [ RunTime:0.001000s ]
INFO: [ view_filter ] --END-- [ RunTime:0.003000s ]
INFO: [ app_end ] --START--
INFO: Run Behavior\ShowPageTraceBehavior [ RunTime:0.001001s ]
INFO: [ app_end ] --END-- [ RunTime:0.001501s ]

[ 2015-11-19T14:58:38+08:00 ] ::1 /webroot/Backend/Base/Public/verify.html
INFO: [ app_init ] --START--
INFO: Run Behavior\BuildLiteBehavior [ RunTime:0.000000s ]
INFO: [ app_init ] --END-- [ RunTime:0.001501s ]
INFO: [ app_begin ] --START--
INFO: Run Behavior\ReadHtmlCacheBehavior [ RunTime:0.001500s ]
INFO: [ app_begin ] --END-- [ RunTime:0.002001s ]
INFO: [ app_end ] --START--
INFO: Run Behavior\ShowPageTraceBehavior [ RunTime:0.001500s ]
INFO: [ app_end ] --END-- [ RunTime:0.001500s ]

[ 2015-11-19T14:58:45+08:00 ] ::1 /webroot/Backend
INFO: [ app_init ] --START--
INFO: Run Behavior\BuildLiteBehavior [ RunTime:0.000500s ]
INFO: [ app_init ] --END-- [ RunTime:0.001000s ]
INFO: [ app_begin ] --START--
INFO: Run Behavior\ReadHtmlCacheBehavior [ RunTime:0.001001s ]
INFO: [ app_begin ] --END-- [ RunTime:0.001501s ]
INFO: [ view_parse ] --START--
INFO: [ template_filter ] --START--
INFO: Run Behavior\ContentReplaceBehavior [ RunTime:0.000500s ]
INFO: [ template_filter ] --END-- [ RunTime:0.000500s ]
NOTIC: [8] Undefined variable: title D:\htdocs\webroot\Runtime\Cache\Backend\a918f0b5d7cff94bb9b0e45a1e4b5876.php 第 10 行.
NOTIC: [8] Undefined variable: keywords D:\htdocs\webroot\Runtime\Cache\Backend\a918f0b5d7cff94bb9b0e45a1e4b5876.php 第 10 行.
NOTIC: [8] Undefined variable: description D:\htdocs\webroot\Runtime\Cache\Backend\a918f0b5d7cff94bb9b0e45a1e4b5876.php 第 10 行.
INFO: Run Behavior\ParseTemplateBehavior [ RunTime:0.024003s ]
INFO: [ view_parse ] --END-- [ RunTime:0.024003s ]
INFO: [ view_filter ] --START--
INFO: Run Behavior\WriteHtmlCacheBehavior [ RunTime:0.000500s ]
INFO: Run Behavior\TokenBuildBehavior [ RunTime:0.000500s ]
INFO: [ view_filter ] --END-- [ RunTime:0.002501s ]
INFO: [ app_end ] --START--
INFO: Run Behavior\ShowPageTraceBehavior [ RunTime:0.001000s ]
INFO: [ app_end ] --END-- [ RunTime:0.001500s ]

[ 2015-11-19T14:58:46+08:00 ] ::1 /webroot/Backend/Base/Public/verify.html
INFO: [ app_init ] --START--
INFO: Run Behavior\BuildLiteBehavior [ RunTime:0.000000s ]
INFO: [ app_init ] --END-- [ RunTime:0.001501s ]
INFO: [ app_begin ] --START--
INFO: Run Behavior\ReadHtmlCacheBehavior [ RunTime:0.001501s ]
INFO: [ app_begin ] --END-- [ RunTime:0.002001s ]
INFO: [ app_end ] --START--
INFO: Run Behavior\ShowPageTraceBehavior [ RunTime:0.001000s ]
INFO: [ app_end ] --END-- [ RunTime:0.002000s ]

[ 2015-11-19T17:20:27+08:00 ] ::1 /webroot/Backend
INFO: [ app_init ] --START--
INFO: Run Behavior\BuildLiteBehavior [ RunTime:0.000500s ]
INFO: [ app_init ] --END-- [ RunTime:0.001000s ]
INFO: [ app_begin ] --START--
INFO: Run Behavior\ReadHtmlCacheBehavior [ RunTime:0.001500s ]
INFO: [ app_begin ] --END-- [ RunTime:0.001500s ]
INFO: [ view_parse ] --START--
INFO: [ template_filter ] --START--
INFO: Run Behavior\ContentReplaceBehavior [ RunTime:0.000000s ]
INFO: [ template_filter ] --END-- [ RunTime:0.001001s ]
NOTIC: [8] Undefined variable: title D:\htdocs\webroot\Runtime\Cache\Backend\a918f0b5d7cff94bb9b0e45a1e4b5876.php 第 10 行.
NOTIC: [8] Undefined variable: keywords D:\htdocs\webroot\Runtime\Cache\Backend\a918f0b5d7cff94bb9b0e45a1e4b5876.php 第 10 行.
NOTIC: [8] Undefined variable: description D:\htdocs\webroot\Runtime\Cache\Backend\a918f0b5d7cff94bb9b0e45a1e4b5876.php 第 10 行.
INFO: Run Behavior\ParseTemplateBehavior [ RunTime:0.021503s ]
INFO: [ view_parse ] --END-- [ RunTime:0.022003s ]
INFO: [ view_filter ] --START--
INFO: Run Behavior\WriteHtmlCacheBehavior [ RunTime:0.001000s ]
INFO: Run Behavior\TokenBuildBehavior [ RunTime:0.001001s ]
INFO: [ view_filter ] --END-- [ RunTime:0.002501s ]
INFO: [ app_end ] --START--
INFO: Run Behavior\ShowPageTraceBehavior [ RunTime:0.001000s ]
INFO: [ app_end ] --END-- [ RunTime:0.001500s ]

[ 2015-11-19T17:20:28+08:00 ] ::1 /webroot/Backend/Base/Public/verify.html
INFO: [ app_init ] --START--
INFO: Run Behavior\BuildLiteBehavior [ RunTime:0.000000s ]
INFO: [ app_init ] --END-- [ RunTime:0.001501s ]
INFO: [ app_begin ] --START--
INFO: Run Behavior\ReadHtmlCacheBehavior [ RunTime:0.001500s ]
INFO: [ app_begin ] --END-- [ RunTime:0.002001s ]
INFO: [ app_end ] --START--
INFO: Run Behavior\ShowPageTraceBehavior [ RunTime:0.001000s ]
INFO: [ app_end ] --END-- [ RunTime:0.002000s ]

[ 2015-11-19T17:20:31+08:00 ] ::1 /webroot/Backend/Base/Public/verify.html?0.011501483764407294
INFO: [ app_init ] --START--
INFO: Run Behavior\BuildLiteBehavior [ RunTime:0.000000s ]
INFO: [ app_init ] --END-- [ RunTime:0.001500s ]
INFO: [ app_begin ] --START--
INFO: Run Behavior\ReadHtmlCacheBehavior [ RunTime:0.001001s ]
INFO: [ app_begin ] --END-- [ RunTime:0.001501s ]
INFO: [ app_end ] --START--
INFO: Run Behavior\ShowPageTraceBehavior [ RunTime:0.001500s ]
INFO: [ app_end ] --END-- [ RunTime:0.001500s ]

[ 2015-11-19T17:20:37+08:00 ] ::1 /webroot/Backend/Base/Public/login.html
INFO: [ app_init ] --START--
INFO: Run Behavior\BuildLiteBehavior [ RunTime:0.000500s ]
INFO: [ app_init ] --END-- [ RunTime:0.001500s ]
INFO: [ app_begin ] --START--
INFO: Run Behavior\ReadHtmlCacheBehavior [ RunTime:0.001000s ]
INFO: [ app_begin ] --END-- [ RunTime:0.001500s ]

[ 2015-11-19T17:20:37+08:00 ] ::1 /webroot/Backend/Base/Public/verify.html?0.09327835695950881
INFO: [ app_init ] --START--
INFO: Run Behavior\BuildLiteBehavior [ RunTime:0.000000s ]
INFO: [ app_init ] --END-- [ RunTime:0.001500s ]
INFO: [ app_begin ] --START--
INFO: Run Behavior\ReadHtmlCacheBehavior [ RunTime:0.001001s ]
INFO: [ app_begin ] --END-- [ RunTime:0.001501s ]
INFO: [ app_end ] --START--
INFO: Run Behavior\ShowPageTraceBehavior [ RunTime:0.002500s ]
INFO: [ app_end ] --END-- [ RunTime:0.003500s ]

[ 2015-11-19T17:20:40+08:00 ] ::1 /webroot/Backend/Base/Public/verify.html?0.23833078638649596
INFO: [ app_init ] --START--
INFO: Run Behavior\BuildLiteBehavior [ RunTime:0.000000s ]
INFO: [ app_init ] --END-- [ RunTime:0.002500s ]
INFO: [ app_begin ] --START--
INFO: Run Behavior\ReadHtmlCacheBehavior [ RunTime:0.001000s ]
INFO: [ app_begin ] --END-- [ RunTime:0.001500s ]
INFO: [ app_end ] --START--
INFO: Run Behavior\ShowPageTraceBehavior [ RunTime:0.001000s ]
INFO: [ app_end ] --END-- [ RunTime:0.001500s ]

[ 2015-11-19T17:20:45+08:00 ] ::1 /webroot/Backend/Base/Public/login.html
INFO: [ app_init ] --START--
INFO: Run Behavior\BuildLiteBehavior [ RunTime:0.000500s ]
INFO: [ app_init ] --END-- [ RunTime:0.001000s ]
INFO: [ app_begin ] --START--
INFO: Run Behavior\ReadHtmlCacheBehavior [ RunTime:0.001001s ]
INFO: [ app_begin ] --END-- [ RunTime:0.001001s ]
SQL: SHOW COLUMNS FROM `sr_member` [ RunTime:0.0265s ]
SQL: SHOW COLUMNS FROM `sr_role` [ RunTime:0.0220s ]
SQL: SELECT member.id AS member_id,member.status AS member_status,member.rules AS member_rules,member.add_time AS member_add_time,member.id AS id,member.pid AS pid,member.path AS path,member.telephone AS telephone,member.email AS email,member.nickname AS nickname,member.username AS username,member.type AS type,member.deal_password AS deal_password,member.password AS password,member.role_id AS role_id,member.is_admin AS is_admin,member.description AS description,member.rules AS rules,member.register_ip AS register_ip,member.level AS level,member.integration AS integration,member.balance AS balance,member.freeze AS freeze,member.withdrawals AS withdrawals,member.wallet_status AS wallet_status,member.status AS status,member.tags AS tags,member.bank_cards AS bank_cards,member.add_time AS add_time,member.login_time AS login_time,member.login_ip AS login_ip,member.last_login_time AS last_login_time,member.last_login_ip AS last_login_ip,member.realname AS realname,member.code AS code,member.address_id AS address_id,member.has_buy AS has_buy,member.remark AS remark,role.id AS id,role.title AS title,role.description AS description,role.rules AS rules,role.status AS status,role.add_time AS add_time FROM sr_member member LEFT JOIN sr_role role ON member.role_id=role.id WHERE member.username = 'admin' AND member.password = '9db06bcff9248837f86d1a6bcf41c9e7' LIMIT 1   [ RunTime:0.0345s ]
SQL: SELECT `id`,username as title FROM `sr_member` WHERE `id` = 1  [ RunTime:0.0200s ]
SQL: SHOW COLUMNS FROM `sr_action_log` [ RunTime:0.0260s ]
SQL: INSERT INTO `sr_action_log` (`member_id`,`username`,`url`,`table_name`,`table_id`,`description`,`ip`,`add_time`) VALUES ('1','admin','backend/base/public/login','member','1','[{\"id\":\"1\",\"title\":\"admin\"}]','0.0.0.0','2015-11-19 17:20:44') [ RunTime:0.0320s ]

[ 2015-11-19T17:20:46+08:00 ] ::1 /webroot/Backend
INFO: [ app_init ] --START--
INFO: Run Behavior\BuildLiteBehavior [ RunTime:0.000500s ]
INFO: [ app_init ] --END-- [ RunTime:0.001000s ]
INFO: [ app_begin ] --START--
INFO: Run Behavior\ReadHtmlCacheBehavior [ RunTime:0.002000s ]
INFO: [ app_begin ] --END-- [ RunTime:0.003001s ]
SQL: SHOW COLUMNS FROM `sr_config` [ RunTime:0.0295s ]
SQL: SELECT `name`,`value` FROM `sr_config`  [ RunTime:0.0455s ]
SQL: SHOW COLUMNS FROM `sr_menu` [ RunTime:0.0235s ]
SQL: SELECT * FROM `sr_menu` WHERE `status` = 1 ORDER BY sort desc  [ RunTime:0.1280s ]
SQL: SELECT `url` FROM `sr_menu` WHERE `level` = 1 AND `status` = 1 LIMIT 1   [ RunTime:0.0235s ]

[ 2015-11-19T17:20:46+08:00 ] ::1 /webroot/Backend/Base/Menu/index.html
INFO: [ app_init ] --START--
INFO: Run Behavior\BuildLiteBehavior [ RunTime:0.000000s ]
INFO: [ app_init ] --END-- [ RunTime:0.001000s ]
INFO: [ app_begin ] --START--
INFO: Run Behavior\ReadHtmlCacheBehavior [ RunTime:0.001000s ]
INFO: [ app_begin ] --END-- [ RunTime:0.001000s ]
SQL: SHOW COLUMNS FROM `sr_menu` [ RunTime:0.0220s ]
NOTIC: [8] Undefined index: r D:\htdocs\webroot\Application\Common\Controller\CommonController.class.php 第 45 行.
NOTIC: [8] Undefined index: p D:\htdocs\webroot\Application\Common\Controller\CommonController.class.php 第 47 行.
SQL: SELECT * FROM `sr_menu` WHERE `pid` = 0 AND `status` > -1 ORDER BY sort desc,id asc LIMIT 0,20   [ RunTime:0.0240s ]
SQL: SELECT COUNT(*) AS tp_count FROM `sr_menu` WHERE `pid` = 0 AND `status` > -1 LIMIT 1   [ RunTime:0.0230s ]
INFO: [ view_parse ] --START--
INFO: [ template_filter ] --START--
INFO: Run Behavior\ContentReplaceBehavior [ RunTime:0.000500s ]
INFO: [ template_filter ] --END-- [ RunTime:0.000500s ]
NOTIC: [8] Undefined variable: title D:\htdocs\webroot\Runtime\Cache\Backend\429c39e62ac89563905bc81efeb65866.php 第 10 行.
NOTIC: [8] Undefined variable: keywords D:\htdocs\webroot\Runtime\Cache\Backend\429c39e62ac89563905bc81efeb65866.php 第 10 行.
NOTIC: [8] Undefined variable: description D:\htdocs\webroot\Runtime\Cache\Backend\429c39e62ac89563905bc81efeb65866.php 第 10 行.
NOTIC: [8] Undefined variable: need_display D:\htdocs\webroot\Runtime\Cache\Backend\429c39e62ac89563905bc81efeb65866.php 第 90 行.
NOTIC: [8] Undefined variable: need_display D:\htdocs\webroot\Runtime\Cache\Backend\429c39e62ac89563905bc81efeb65866.php 第 90 行.
NOTIC: [8] Undefined index: _child D:\htdocs\webroot\Runtime\Cache\Backend\429c39e62ac89563905bc81efeb65866.php 第 90 行.
NOTIC: [2] Invalid argument supplied for foreach() D:\htdocs\webroot\Runtime\Cache\Backend\429c39e62ac89563905bc81efeb65866.php 第 90 行.
NOTIC: [8] Undefined index: _child D:\htdocs\webroot\Runtime\Cache\Backend\429c39e62ac89563905bc81efeb65866.php 第 90 行.
NOTIC: [2] Invalid argument supplied for foreach() D:\htdocs\webroot\Runtime\Cache\Backend\429c39e62ac89563905bc81efeb65866.php 第 90 行.
NOTIC: [8] Undefined index: _child D:\htdocs\webroot\Runtime\Cache\Backend\429c39e62ac89563905bc81efeb65866.php 第 90 行.
NOTIC: [2] Invalid argument supplied for foreach() D:\htdocs\webroot\Runtime\Cache\Backend\429c39e62ac89563905bc81efeb65866.php 第 90 行.
NOTIC: [8] Undefined variable: iframe_src D:\htdocs\webroot\Runtime\Cache\Backend\429c39e62ac89563905bc81efeb65866.php 第 244 行.
NOTIC: [8] Undefined index: id D:\htdocs\webroot\Runtime\Cache\Backend\429c39e62ac89563905bc81efeb65866.php 第 321 行.
INFO: Run Behavior\ParseTemplateBehavior [ RunTime:0.066509s ]
INFO: [ view_parse ] --END-- [ RunTime:0.066509s ]
INFO: [ view_filter ] --START--
INFO: Run Behavior\WriteHtmlCacheBehavior [ RunTime:0.001000s ]
INFO: Run Behavior\TokenBuildBehavior [ RunTime:0.001000s ]
INFO: [ view_filter ] --END-- [ RunTime:0.003000s ]
INFO: [ app_end ] --START--
INFO: Run Behavior\ShowPageTraceBehavior [ RunTime:0.001000s ]
INFO: [ app_end ] --END-- [ RunTime:0.002000s ]

[ 2015-11-19T17:20:50+08:00 ] ::1 /webroot/Backend/Demo/index.html
INFO: [ app_init ] --START--
INFO: Run Behavior\BuildLiteBehavior [ RunTime:0.000000s ]
INFO: [ app_init ] --END-- [ RunTime:0.001000s ]
INFO: [ app_begin ] --START--
INFO: Run Behavior\ReadHtmlCacheBehavior [ RunTime:0.001000s ]
INFO: [ app_begin ] --END-- [ RunTime:0.001500s ]
INFO: [ view_parse ] --START--
INFO: [ template_filter ] --START--
INFO: Run Behavior\ContentReplaceBehavior [ RunTime:0.000500s ]
INFO: [ template_filter ] --END-- [ RunTime:0.001500s ]
NOTIC: [8] Undefined variable: title D:\htdocs\webroot\Runtime\Cache\Backend\e158b14e1686873bc50baf698fc5c8c3.php 第 10 行.
NOTIC: [8] Undefined variable: keywords D:\htdocs\webroot\Runtime\Cache\Backend\e158b14e1686873bc50baf698fc5c8c3.php 第 10 行.
NOTIC: [8] Undefined variable: description D:\htdocs\webroot\Runtime\Cache\Backend\e158b14e1686873bc50baf698fc5c8c3.php 第 10 行.
NOTIC: [8] Undefined variable: need_display D:\htdocs\webroot\Runtime\Cache\Backend\e158b14e1686873bc50baf698fc5c8c3.php 第 90 行.
NOTIC: [8] Undefined variable: need_display D:\htdocs\webroot\Runtime\Cache\Backend\e158b14e1686873bc50baf698fc5c8c3.php 第 90 行.
NOTIC: [8] Undefined variable: need_display D:\htdocs\webroot\Runtime\Cache\Backend\e158b14e1686873bc50baf698fc5c8c3.php 第 90 行.
NOTIC: [8] Undefined variable: need_display D:\htdocs\webroot\Runtime\Cache\Backend\e158b14e1686873bc50baf698fc5c8c3.php 第 90 行.
NOTIC: [8] Undefined index: _child D:\htdocs\webroot\Runtime\Cache\Backend\e158b14e1686873bc50baf698fc5c8c3.php 第 90 行.
NOTIC: [2] Invalid argument supplied for foreach() D:\htdocs\webroot\Runtime\Cache\Backend\e158b14e1686873bc50baf698fc5c8c3.php 第 90 行.
NOTIC: [8] Undefined index: _child D:\htdocs\webroot\Runtime\Cache\Backend\e158b14e1686873bc50baf698fc5c8c3.php 第 90 行.
NOTIC: [2] Invalid argument supplied for foreach() D:\htdocs\webroot\Runtime\Cache\Backend\e158b14e1686873bc50baf698fc5c8c3.php 第 90 行.
NOTIC: [8] Undefined index: _child D:\htdocs\webroot\Runtime\Cache\Backend\e158b14e1686873bc50baf698fc5c8c3.php 第 90 行.
NOTIC: [2] Invalid argument supplied for foreach() D:\htdocs\webroot\Runtime\Cache\Backend\e158b14e1686873bc50baf698fc5c8c3.php 第 90 行.
NOTIC: [8] Undefined index: _child D:\htdocs\webroot\Runtime\Cache\Backend\e158b14e1686873bc50baf698fc5c8c3.php 第 90 行.
NOTIC: [2] Invalid argument supplied for foreach() D:\htdocs\webroot\Runtime\Cache\Backend\e158b14e1686873bc50baf698fc5c8c3.php 第 90 行.
NOTIC: [8] Undefined index: _child D:\htdocs\webroot\Runtime\Cache\Backend\e158b14e1686873bc50baf698fc5c8c3.php 第 90 行.
NOTIC: [2] Invalid argument supplied for foreach() D:\htdocs\webroot\Runtime\Cache\Backend\e158b14e1686873bc50baf698fc5c8c3.php 第 90 行.
NOTIC: [8] Undefined index: _child D:\htdocs\webroot\Runtime\Cache\Backend\e158b14e1686873bc50baf698fc5c8c3.php 第 90 行.
NOTIC: [2] Invalid argument supplied for foreach() D:\htdocs\webroot\Runtime\Cache\Backend\e158b14e1686873bc50baf698fc5c8c3.php 第 90 行.
NOTIC: [8] Undefined index: _child D:\htdocs\webroot\Runtime\Cache\Backend\e158b14e1686873bc50baf698fc5c8c3.php 第 90 行.
NOTIC: [2] Invalid argument supplied for foreach() D:\htdocs\webroot\Runtime\Cache\Backend\e158b14e1686873bc50baf698fc5c8c3.php 第 90 行.
NOTIC: [8] Undefined variable: iframe_src D:\htdocs\webroot\Runtime\Cache\Backend\e158b14e1686873bc50baf698fc5c8c3.php 第 244 行.
INFO: Run Behavior\ParseTemplateBehavior [ RunTime:0.059508s ]
INFO: [ view_parse ] --END-- [ RunTime:0.060008s ]
INFO: [ view_filter ] --START--
INFO: Run Behavior\WriteHtmlCacheBehavior [ RunTime:0.000500s ]
INFO: Run Behavior\TokenBuildBehavior [ RunTime:0.001000s ]
INFO: [ view_filter ] --END-- [ RunTime:0.002500s ]
INFO: [ app_end ] --START--
INFO: Run Behavior\ShowPageTraceBehavior [ RunTime:0.001500s ]
INFO: [ app_end ] --END-- [ RunTime:0.002001s ]

[ 2015-11-19T17:20:56+08:00 ] ::1 /webroot/Backend/Demo/index/dialog.html
INFO: [ app_init ] --START--
INFO: Run Behavior\BuildLiteBehavior [ RunTime:0.000000s ]
INFO: [ app_init ] --END-- [ RunTime:0.001000s ]
INFO: [ app_begin ] --START--
INFO: Run Behavior\ReadHtmlCacheBehavior [ RunTime:0.001500s ]
INFO: [ app_begin ] --END-- [ RunTime:0.002000s ]
INFO: [ view_parse ] --START--
INFO: [ template_filter ] --START--
INFO: Run Behavior\ContentReplaceBehavior [ RunTime:0.000500s ]
INFO: [ template_filter ] --END-- [ RunTime:0.001000s ]
NOTIC: [8] Undefined variable: title D:\htdocs\webroot\Runtime\Cache\Backend\db37d5eed3bee516dfd30f15ebc08212.php 第 10 行.
NOTIC: [8] Undefined variable: keywords D:\htdocs\webroot\Runtime\Cache\Backend\db37d5eed3bee516dfd30f15ebc08212.php 第 10 行.
NOTIC: [8] Undefined variable: description D:\htdocs\webroot\Runtime\Cache\Backend\db37d5eed3bee516dfd30f15ebc08212.php 第 10 行.
NOTIC: [8] Undefined variable: need_display D:\htdocs\webroot\Runtime\Cache\Backend\db37d5eed3bee516dfd30f15ebc08212.php 第 90 行.
NOTIC: [8] Undefined variable: need_display D:\htdocs\webroot\Runtime\Cache\Backend\db37d5eed3bee516dfd30f15ebc08212.php 第 90 行.
NOTIC: [8] Undefined variable: need_display D:\htdocs\webroot\Runtime\Cache\Backend\db37d5eed3bee516dfd30f15ebc08212.php 第 90 行.
NOTIC: [8] Undefined variable: need_display D:\htdocs\webroot\Runtime\Cache\Backend\db37d5eed3bee516dfd30f15ebc08212.php 第 90 行.
NOTIC: [8] Undefined index: _child D:\htdocs\webroot\Runtime\Cache\Backend\db37d5eed3bee516dfd30f15ebc08212.php 第 90 行.
NOTIC: [2] Invalid argument supplied for foreach() D:\htdocs\webroot\Runtime\Cache\Backend\db37d5eed3bee516dfd30f15ebc08212.php 第 90 行.
NOTIC: [8] Undefined index: _child D:\htdocs\webroot\Runtime\Cache\Backend\db37d5eed3bee516dfd30f15ebc08212.php 第 90 行.
NOTIC: [2] Invalid argument supplied for foreach() D:\htdocs\webroot\Runtime\Cache\Backend\db37d5eed3bee516dfd30f15ebc08212.php 第 90 行.
NOTIC: [8] Undefined index: _child D:\htdocs\webroot\Runtime\Cache\Backend\db37d5eed3bee516dfd30f15ebc08212.php 第 90 行.
NOTIC: [2] Invalid argument supplied for foreach() D:\htdocs\webroot\Runtime\Cache\Backend\db37d5eed3bee516dfd30f15ebc08212.php 第 90 行.
NOTIC: [8] Undefined index: _child D:\htdocs\webroot\Runtime\Cache\Backend\db37d5eed3bee516dfd30f15ebc08212.php 第 90 行.
NOTIC: [2] Invalid argument supplied for foreach() D:\htdocs\webroot\Runtime\Cache\Backend\db37d5eed3bee516dfd30f15ebc08212.php 第 90 行.
NOTIC: [8] Undefined index: _child D:\htdocs\webroot\Runtime\Cache\Backend\db37d5eed3bee516dfd30f15ebc08212.php 第 90 行.
NOTIC: [2] Invalid argument supplied for foreach() D:\htdocs\webroot\Runtime\Cache\Backend\db37d5eed3bee516dfd30f15ebc08212.php 第 90 行.
NOTIC: [8] Undefined index: _child D:\htdocs\webroot\Runtime\Cache\Backend\db37d5eed3bee516dfd30f15ebc08212.php 第 90 行.
NOTIC: [2] Invalid argument supplied for foreach() D:\htdocs\webroot\Runtime\Cache\Backend\db37d5eed3bee516dfd30f15ebc08212.php 第 90 行.
NOTIC: [8] Undefined index: _child D:\htdocs\webroot\Runtime\Cache\Backend\db37d5eed3bee516dfd30f15ebc08212.php 第 90 行.
NOTIC: [2] Invalid argument supplied for foreach() D:\htdocs\webroot\Runtime\Cache\Backend\db37d5eed3bee516dfd30f15ebc08212.php 第 90 行.
NOTIC: [8] Undefined variable: iframe_src D:\htdocs\webroot\Runtime\Cache\Backend\db37d5eed3bee516dfd30f15ebc08212.php 第 244 行.
INFO: Run Behavior\ParseTemplateBehavior [ RunTime:0.072509s ]
INFO: [ view_parse ] --END-- [ RunTime:0.073009s ]
INFO: [ view_filter ] --START--
INFO: Run Behavior\WriteHtmlCacheBehavior [ RunTime:0.001000s ]
INFO: Run Behavior\TokenBuildBehavior [ RunTime:0.001000s ]
INFO: [ view_filter ] --END-- [ RunTime:0.002500s ]
INFO: [ app_end ] --START--
INFO: Run Behavior\ShowPageTraceBehavior [ RunTime:0.001001s ]
INFO: [ app_end ] --END-- [ RunTime:0.001501s ]

[ 2015-11-19T17:25:17+08:00 ] ::1 /webroot/Backend/Demo/index.html
INFO: [ app_init ] --START--
INFO: Run Behavior\BuildLiteBehavior [ RunTime:0.000500s ]
INFO: [ app_init ] --END-- [ RunTime:0.001000s ]
INFO: [ app_begin ] --START--
INFO: Run Behavior\ReadHtmlCacheBehavior [ RunTime:0.001000s ]
INFO: [ app_begin ] --END-- [ RunTime:0.001000s ]
INFO: [ view_parse ] --START--
INFO: [ template_filter ] --START--
INFO: Run Behavior\ContentReplaceBehavior [ RunTime:0.000000s ]
INFO: [ template_filter ] --END-- [ RunTime:0.001000s ]
NOTIC: [8] Undefined variable: title D:\htdocs\webroot\Runtime\Cache\Backend\e158b14e1686873bc50baf698fc5c8c3.php 第 10 行.
NOTIC: [8] Undefined variable: keywords D:\htdocs\webroot\Runtime\Cache\Backend\e158b14e1686873bc50baf698fc5c8c3.php 第 10 行.
NOTIC: [8] Undefined variable: description D:\htdocs\webroot\Runtime\Cache\Backend\e158b14e1686873bc50baf698fc5c8c3.php 第 10 行.
NOTIC: [8] Undefined variable: need_display D:\htdocs\webroot\Runtime\Cache\Backend\e158b14e1686873bc50baf698fc5c8c3.php 第 90 行.
NOTIC: [8] Undefined variable: need_display D:\htdocs\webroot\Runtime\Cache\Backend\e158b14e1686873bc50baf698fc5c8c3.php 第 90 行.
NOTIC: [8] Undefined variable: need_display D:\htdocs\webroot\Runtime\Cache\Backend\e158b14e1686873bc50baf698fc5c8c3.php 第 90 行.
NOTIC: [8] Undefined variable: need_display D:\htdocs\webroot\Runtime\Cache\Backend\e158b14e1686873bc50baf698fc5c8c3.php 第 90 行.
NOTIC: [8] Undefined index: _child D:\htdocs\webroot\Runtime\Cache\Backend\e158b14e1686873bc50baf698fc5c8c3.php 第 90 行.
NOTIC: [2] Invalid argument supplied for foreach() D:\htdocs\webroot\Runtime\Cache\Backend\e158b14e1686873bc50baf698fc5c8c3.php 第 90 行.
NOTIC: [8] Undefined index: _child D:\htdocs\webroot\Runtime\Cache\Backend\e158b14e1686873bc50baf698fc5c8c3.php 第 90 行.
NOTIC: [2] Invalid argument supplied for foreach() D:\htdocs\webroot\Runtime\Cache\Backend\e158b14e1686873bc50baf698fc5c8c3.php 第 90 行.
NOTIC: [8] Undefined index: _child D:\htdocs\webroot\Runtime\Cache\Backend\e158b14e1686873bc50baf698fc5c8c3.php 第 90 行.
NOTIC: [2] Invalid argument supplied for foreach() D:\htdocs\webroot\Runtime\Cache\Backend\e158b14e1686873bc50baf698fc5c8c3.php 第 90 行.
NOTIC: [8] Undefined index: _child D:\htdocs\webroot\Runtime\Cache\Backend\e158b14e1686873bc50baf698fc5c8c3.php 第 90 行.
NOTIC: [2] Invalid argument supplied for foreach() D:\htdocs\webroot\Runtime\Cache\Backend\e158b14e1686873bc50baf698fc5c8c3.php 第 90 行.
NOTIC: [8] Undefined index: _child D:\htdocs\webroot\Runtime\Cache\Backend\e158b14e1686873bc50baf698fc5c8c3.php 第 90 行.
NOTIC: [2] Invalid argument supplied for foreach() D:\htdocs\webroot\Runtime\Cache\Backend\e158b14e1686873bc50baf698fc5c8c3.php 第 90 行.
NOTIC: [8] Undefined index: _child D:\htdocs\webroot\Runtime\Cache\Backend\e158b14e1686873bc50baf698fc5c8c3.php 第 90 行.
NOTIC: [2] Invalid argument supplied for foreach() D:\htdocs\webroot\Runtime\Cache\Backend\e158b14e1686873bc50baf698fc5c8c3.php 第 90 行.
NOTIC: [8] Undefined index: _child D:\htdocs\webroot\Runtime\Cache\Backend\e158b14e1686873bc50baf698fc5c8c3.php 第 90 行.
NOTIC: [2] Invalid argument supplied for foreach() D:\htdocs\webroot\Runtime\Cache\Backend\e158b14e1686873bc50baf698fc5c8c3.php 第 90 行.
NOTIC: [8] Undefined variable: iframe_src D:\htdocs\webroot\Runtime\Cache\Backend\e158b14e1686873bc50baf698fc5c8c3.php 第 244 行.
INFO: Run Behavior\ParseTemplateBehavior [ RunTime:0.066508s ]
INFO: [ view_parse ] --END-- [ RunTime:0.067508s ]
INFO: [ view_filter ] --START--
INFO: Run Behavior\WriteHtmlCacheBehavior [ RunTime:0.001000s ]
INFO: Run Behavior\TokenBuildBehavior [ RunTime:0.001500s ]
INFO: [ view_filter ] --END-- [ RunTime:0.003000s ]
INFO: [ app_end ] --START--
INFO: Run Behavior\ShowPageTraceBehavior [ RunTime:0.001500s ]
INFO: [ app_end ] --END-- [ RunTime:0.002000s ]

[ 2015-11-19T17:25:45+08:00 ] ::1 /webroot/Backend/Demo/Index.html
INFO: [ app_init ] --START--
INFO: Run Behavior\BuildLiteBehavior [ RunTime:0.000000s ]
INFO: [ app_init ] --END-- [ RunTime:0.001501s ]
INFO: [ app_begin ] --START--
INFO: Run Behavior\ReadHtmlCacheBehavior [ RunTime:0.001000s ]
INFO: [ app_begin ] --END-- [ RunTime:0.001000s ]
INFO: [ view_parse ] --START--
INFO: [ template_filter ] --START--
INFO: Run Behavior\ContentReplaceBehavior [ RunTime:0.000500s ]
INFO: [ template_filter ] --END-- [ RunTime:0.001000s ]
NOTIC: [8] Undefined variable: title D:\htdocs\webroot\Runtime\Cache\Backend\36b3ff667a9580920122e57bbd11d8be.php 第 10 行.
NOTIC: [8] Undefined variable: keywords D:\htdocs\webroot\Runtime\Cache\Backend\36b3ff667a9580920122e57bbd11d8be.php 第 10 行.
NOTIC: [8] Undefined variable: description D:\htdocs\webroot\Runtime\Cache\Backend\36b3ff667a9580920122e57bbd11d8be.php 第 10 行.
NOTIC: [8] Undefined variable: need_display D:\htdocs\webroot\Runtime\Cache\Backend\36b3ff667a9580920122e57bbd11d8be.php 第 90 行.
NOTIC: [8] Undefined variable: need_display D:\htdocs\webroot\Runtime\Cache\Backend\36b3ff667a9580920122e57bbd11d8be.php 第 90 行.
NOTIC: [8] Undefined variable: need_display D:\htdocs\webroot\Runtime\Cache\Backend\36b3ff667a9580920122e57bbd11d8be.php 第 90 行.
NOTIC: [8] Undefined variable: need_display D:\htdocs\webroot\Runtime\Cache\Backend\36b3ff667a9580920122e57bbd11d8be.php 第 90 行.
NOTIC: [8] Undefined index: _child D:\htdocs\webroot\Runtime\Cache\Backend\36b3ff667a9580920122e57bbd11d8be.php 第 90 行.
NOTIC: [2] Invalid argument supplied for foreach() D:\htdocs\webroot\Runtime\Cache\Backend\36b3ff667a9580920122e57bbd11d8be.php 第 90 行.
NOTIC: [8] Undefined variable: need_display D:\htdocs\webroot\Runtime\Cache\Backend\36b3ff667a9580920122e57bbd11d8be.php 第 90 行.
NOTIC: [8] Undefined variable: need_display D:\htdocs\webroot\Runtime\Cache\Backend\36b3ff667a9580920122e57bbd11d8be.php 第 90 行.
NOTIC: [8] Undefined variable: need_display D:\htdocs\webroot\Runtime\Cache\Backend\36b3ff667a9580920122e57bbd11d8be.php 第 90 行.
NOTIC: [8] Undefined index: _child D:\htdocs\webroot\Runtime\Cache\Backend\36b3ff667a9580920122e57bbd11d8be.php 第 90 行.
NOTIC: [2] Invalid argument supplied for foreach() D:\htdocs\webroot\Runtime\Cache\Backend\36b3ff667a9580920122e57bbd11d8be.php 第 90 行.
NOTIC: [8] Undefined variable: need_display D:\htdocs\webroot\Runtime\Cache\Backend\36b3ff667a9580920122e57bbd11d8be.php 第 90 行.
NOTIC: [8] Undefined variable: need_display D:\htdocs\webroot\Runtime\Cache\Backend\36b3ff667a9580920122e57bbd11d8be.php 第 90 行.
NOTIC: [8] Undefined variable: need_display D:\htdocs\webroot\Runtime\Cache\Backend\36b3ff667a9580920122e57bbd11d8be.php 第 90 行.
NOTIC: [8] Undefined variable: need_display D:\htdocs\webroot\Runtime\Cache\Backend\36b3ff667a9580920122e57bbd11d8be.php 第 90 行.
NOTIC: [8] Undefined index: _child D:\htdocs\webroot\Runtime\Cache\Backend\36b3ff667a9580920122e57bbd11d8be.php 第 90 行.
NOTIC: [2] Invalid argument supplied for foreach() D:\htdocs\webroot\Runtime\Cache\Backend\36b3ff667a9580920122e57bbd11d8be.php 第 90 行.
NOTIC: [8] Undefined variable: need_display D:\htdocs\webroot\Runtime\Cache\Backend\36b3ff667a9580920122e57bbd11d8be.php 第 90 行.
NOTIC: [8] Undefined variable: need_display D:\htdocs\webroot\Runtime\Cache\Backend\36b3ff667a9580920122e57bbd11d8be.php 第 90 行.
NOTIC: [8] Undefined variable: need_display D:\htdocs\webroot\Runtime\Cache\Backend\36b3ff667a9580920122e57bbd11d8be.php 第 90 行.
NOTIC: [8] Undefined variable: need_display D:\htdocs\webroot\Runtime\Cache\Backend\36b3ff667a9580920122e57bbd11d8be.php 第 90 行.
NOTIC: [8] Undefined variable: need_display D:\htdocs\webroot\Runtime\Cache\Backend\36b3ff667a9580920122e57bbd11d8be.php 第 90 行.
NOTIC: [8] Undefined variable: need_display D:\htdocs\webroot\Runtime\Cache\Backend\36b3ff667a9580920122e57bbd11d8be.php 第 90 行.
NOTIC: [8] Undefined index: _child D:\htdocs\webroot\Runtime\Cache\Backend\36b3ff667a9580920122e57bbd11d8be.php 第 90 行.
NOTIC: [2] Invalid argument supplied for foreach() D:\htdocs\webroot\Runtime\Cache\Backend\36b3ff667a9580920122e57bbd11d8be.php 第 90 行.
NOTIC: [8] Undefined variable: need_display D:\htdocs\webroot\Runtime\Cache\Backend\36b3ff667a9580920122e57bbd11d8be.php 第 90 行.
NOTIC: [8] Undefined variable: need_display D:\htdocs\webroot\Runtime\Cache\Backend\36b3ff667a9580920122e57bbd11d8be.php 第 90 行.
NOTIC: [8] Undefined index: _child D:\htdocs\webroot\Runtime\Cache\Backend\36b3ff667a9580920122e57bbd11d8be.php 第 90 行.
NOTIC: [2] Invalid argument supplied for foreach() D:\htdocs\webroot\Runtime\Cache\Backend\36b3ff667a9580920122e57bbd11d8be.php 第 90 行.
NOTIC: [8] Undefined variable: need_display D:\htdocs\webroot\Runtime\Cache\Backend\36b3ff667a9580920122e57bbd11d8be.php 第 90 行.
NOTIC: [8] Undefined index: _child D:\htdocs\webroot\Runtime\Cache\Backend\36b3ff667a9580920122e57bbd11d8be.php 第 90 行.
NOTIC: [2] Invalid argument supplied for foreach() D:\htdocs\webroot\Runtime\Cache\Backend\36b3ff667a9580920122e57bbd11d8be.php 第 90 行.
NOTIC: [8] Undefined variable: need_display D:\htdocs\webroot\Runtime\Cache\Backend\36b3ff667a9580920122e57bbd11d8be.php 第 90 行.
NOTIC: [8] Undefined index: _child D:\htdocs\webroot\Runtime\Cache\Backend\36b3ff667a9580920122e57bbd11d8be.php 第 90 行.
NOTIC: [2] Invalid argument supplied for foreach() D:\htdocs\webroot\Runtime\Cache\Backend\36b3ff667a9580920122e57bbd11d8be.php 第 90 行.
NOTIC: [8] Undefined variable: need_display D:\htdocs\webroot\Runtime\Cache\Backend\36b3ff667a9580920122e57bbd11d8be.php 第 90 行.
NOTIC: [8] Undefined index: _child D:\htdocs\webroot\Runtime\Cache\Backend\36b3ff667a9580920122e57bbd11d8be.php 第 90 行.
NOTIC: [2] Invalid argument supplied for foreach() D:\htdocs\webroot\Runtime\Cache\Backend\36b3ff667a9580920122e57bbd11d8be.php 第 90 行.
NOTIC: [8] Undefined variable: need_display D:\htdocs\webroot\Runtime\Cache\Backend\36b3ff667a9580920122e57bbd11d8be.php 第 90 行.
NOTIC: [8] Undefined index: _child D:\htdocs\webroot\Runtime\Cache\Backend\36b3ff667a9580920122e57bbd11d8be.php 第 90 行.
NOTIC: [2] Invalid argument supplied for foreach() D:\htdocs\webroot\Runtime\Cache\Backend\36b3ff667a9580920122e57bbd11d8be.php 第 90 行.
NOTIC: [8] Undefined variable: need_display D:\htdocs\webroot\Runtime\Cache\Backend\36b3ff667a9580920122e57bbd11d8be.php 第 90 行.
NOTIC: [8] Undefined index: _child D:\htdocs\webroot\Runtime\Cache\Backend\36b3ff667a9580920122e57bbd11d8be.php 第 90 行.
NOTIC: [2] Invalid argument supplied for foreach() D:\htdocs\webroot\Runtime\Cache\Backend\36b3ff667a9580920122e57bbd11d8be.php 第 90 行.
NOTIC: [8] Undefined variable: need_display D:\htdocs\webroot\Runtime\Cache\Backend\36b3ff667a9580920122e57bbd11d8be.php 第 90 行.
NOTIC: [8] Undefined variable: need_display D:\htdocs\webroot\Runtime\Cache\Backend\36b3ff667a9580920122e57bbd11d8be.php 第 90 行.
NOTIC: [8] Undefined index: _child D:\htdocs\webroot\Runtime\Cache\Backend\36b3ff667a9580920122e57bbd11d8be.php 第 90 行.
NOTIC: [2] Invalid argument supplied for foreach() D:\htdocs\webroot\Runtime\Cache\Backend\36b3ff667a9580920122e57bbd11d8be.php 第 90 行.
NOTIC: [8] Undefined variable: need_display D:\htdocs\webroot\Runtime\Cache\Backend\36b3ff667a9580920122e57bbd11d8be.php 第 90 行.
NOTIC: [8] Undefined variable: need_display D:\htdocs\webroot\Runtime\Cache\Backend\36b3ff667a9580920122e57bbd11d8be.php 第 90 行.
NOTIC: [8] Undefined variable: need_display D:\htdocs\webroot\Runtime\Cache\Backend\36b3ff667a9580920122e57bbd11d8be.php 第 90 行.
NOTIC: [8] Undefined variable: need_display D:\htdocs\webroot\Runtime\Cache\Backend\36b3ff667a9580920122e57bbd11d8be.php 第 90 行.
NOTIC: [8] Undefined variable: need_display D:\htdocs\webroot\Runtime\Cache\Backend\36b3ff667a9580920122e57bbd11d8be.php 第 90 行.
NOTIC: [8] Undefined variable: need_display D:\htdocs\webroot\Runtime\Cache\Backend\36b3ff667a9580920122e57bbd11d8be.php 第 90 行.
NOTIC: [8] Undefined variable: need_display D:\htdocs\webroot\Runtime\Cache\Backend\36b3ff667a9580920122e57bbd11d8be.php 第 90 行.
NOTIC: [8] Undefined variable: need_display D:\htdocs\webroot\Runtime\Cache\Backend\36b3ff667a9580920122e57bbd11d8be.php 第 90 行.
NOTIC: [8] Undefined variable: need_display D:\htdocs\webroot\Runtime\Cache\Backend\36b3ff667a9580920122e57bbd11d8be.php 第 90 行.
NOTIC: [8] Undefined index: _child D:\htdocs\webroot\Runtime\Cache\Backend\36b3ff667a9580920122e57bbd11d8be.php 第 90 行.
NOTIC: [2] Invalid argument supplied for foreach() D:\htdocs\webroot\Runtime\Cache\Backend\36b3ff667a9580920122e57bbd11d8be.php 第 90 行.
NOTIC: [8] Undefined variable: need_display D:\htdocs\webroot\Runtime\Cache\Backend\36b3ff667a9580920122e57bbd11d8be.php 第 90 行.
NOTIC: [8] Undefined index: _child D:\htdocs\webroot\Runtime\Cache\Backend\36b3ff667a9580920122e57bbd11d8be.php 第 90 行.
NOTIC: [2] Invalid argument supplied for foreach() D:\htdocs\webroot\Runtime\Cache\Backend\36b3ff667a9580920122e57bbd11d8be.php 第 90 行.
NOTIC: [8] Undefined variable: need_display D:\htdocs\webroot\Runtime\Cache\Backend\36b3ff667a9580920122e57bbd11d8be.php 第 90 行.
NOTIC: [8] Undefined variable: need_display D:\htdocs\webroot\Runtime\Cache\Backend\36b3ff667a9580920122e57bbd11d8be.php 第 90 行.
NOTIC: [8] Undefined variable: need_display D:\htdocs\webroot\Runtime\Cache\Backend\36b3ff667a9580920122e57bbd11d8be.php 第 90 行.
NOTIC: [8] Undefined variable: need_display D:\htdocs\webroot\Runtime\Cache\Backend\36b3ff667a9580920122e57bbd11d8be.php 第 90 行.
NOTIC: [8] Undefined variable: need_display D:\htdocs\webroot\Runtime\Cache\Backend\36b3ff667a9580920122e57bbd11d8be.php 第 90 行.
NOTIC: [8] Undefined variable: need_display D:\htdocs\webroot\Runtime\Cache\Backend\36b3ff667a9580920122e57bbd11d8be.php 第 90 行.
NOTIC: [8] Undefined variable: need_display D:\htdocs\webroot\Runtime\Cache\Backend\36b3ff667a9580920122e57bbd11d8be.php 第 90 行.
NOTIC: [8] Undefined variable: need_display D:\htdocs\webroot\Runtime\Cache\Backend\36b3ff667a9580920122e57bbd11d8be.php 第 90 行.
NOTIC: [8] Undefined variable: need_display D:\htdocs\webroot\Runtime\Cache\Backend\36b3ff667a9580920122e57bbd11d8be.php 第 90 行.
NOTIC: [8] Undefined variable: need_display D:\htdocs\webroot\Runtime\Cache\Backend\36b3ff667a9580920122e57bbd11d8be.php 第 90 行.
NOTIC: [8] Undefined variable: need_display D:\htdocs\webroot\Runtime\Cache\Backend\36b3ff667a9580920122e57bbd11d8be.php 第 90 行.
NOTIC: [8] Undefined variable: need_display D:\htdocs\webroot\Runtime\Cache\Backend\36b3ff667a9580920122e57bbd11d8be.php 第 90 行.
NOTIC: [8] Undefined variable: need_display D:\htdocs\webroot\Runtime\Cache\Backend\36b3ff667a9580920122e57bbd11d8be.php 第 90 行.
NOTIC: [8] Undefined variable: need_display D:\htdocs\webroot\Runtime\Cache\Backend\36b3ff667a9580920122e57bbd11d8be.php 第 90 行.
NOTIC: [8] Undefined variable: need_display D:\htdocs\webroot\Runtime\Cache\Backend\36b3ff667a9580920122e57bbd11d8be.php 第 90 行.
NOTIC: [8] Undefined variable: need_display D:\htdocs\webroot\Runtime\Cache\Backend\36b3ff667a9580920122e57bbd11d8be.php 第 90 行.
NOTIC: [8] Undefined variable: need_display D:\htdocs\webroot\Runtime\Cache\Backend\36b3ff667a9580920122e57bbd11d8be.php 第 90 行.
NOTIC: [8] Undefined variable: need_display D:\htdocs\webroot\Runtime\Cache\Backend\36b3ff667a9580920122e57bbd11d8be.php 第 90 行.
NOTIC: [8] Undefined variable: need_display D:\htdocs\webroot\Runtime\Cache\Backend\36b3ff667a9580920122e57bbd11d8be.php 第 90 行.
NOTIC: [8] Undefined variable: need_display D:\htdocs\webroot\Runtime\Cache\Backend\36b3ff667a9580920122e57bbd11d8be.php 第 90 行.
NOTIC: [8] Undefined variable: need_display D:\htdocs\webroot\Runtime\Cache\Backend\36b3ff667a9580920122e57bbd11d8be.php 第 90 行.
NOTIC: [8] Undefined variable: need_display D:\htdocs\webroot\Runtime\Cache\Backend\36b3ff667a9580920122e57bbd11d8be.php 第 90 行.
NOTIC: [8] Undefined variable: need_display D:\htdocs\webroot\Runtime\Cache\Backend\36b3ff667a9580920122e57bbd11d8be.php 第 90 行.
NOTIC: [8] Undefined variable: need_display D:\htdocs\webroot\Runtime\Cache\Backend\36b3ff667a9580920122e57bbd11d8be.php 第 90 行.
NOTIC: [8] Undefined variable: need_display D:\htdocs\webroot\Runtime\Cache\Backend\36b3ff667a9580920122e57bbd11d8be.php 第 90 行.
NOTIC: [8] Undefined index: _child D:\htdocs\webroot\Runtime\Cache\Backend\36b3ff667a9580920122e57bbd11d8be.php 第 90 行.
NOTIC: [2] Invalid argument supplied for foreach() D:\htdocs\webroot\Runtime\Cache\Backend\36b3ff667a9580920122e57bbd11d8be.php 第 90 行.
NOTIC: [8] Undefined variable: need_display D:\htdocs\webroot\Runtime\Cache\Backend\36b3ff667a9580920122e57bbd11d8be.php 第 90 行.
NOTIC: [8] Undefined variable: need_display D:\htdocs\webroot\Runtime\Cache\Backend\36b3ff667a9580920122e57bbd11d8be.php 第 90 行.
NOTIC: [8] Undefined variable: need_display D:\htdocs\webroot\Runtime\Cache\Backend\36b3ff667a9580920122e57bbd11d8be.php 第 90 行.
NOTIC: [8] Undefined variable: need_display D:\htdocs\webroot\Runtime\Cache\Backend\36b3ff667a9580920122e57bbd11d8be.php 第 90 行.
NOTIC: [8] Undefined variable: need_display D:\htdocs\webroot\Runtime\Cache\Backend\36b3ff667a9580920122e57bbd11d8be.php 第 90 行.
NOTIC: [8] Undefined variable: need_display D:\htdocs\webroot\Runtime\Cache\Backend\36b3ff667a9580920122e57bbd11d8be.php 第 90 行.
NOTIC: [8] Undefined variable: need_display D:\htdocs\webroot\Runtime\Cache\Backend\36b3ff667a9580920122e57bbd11d8be.php 第 91 行.
NOTIC: [8] Undefined variable: need_display D:\htdocs\webroot\Runtime\Cache\Backend\36b3ff667a9580920122e57bbd11d8be.php 第 91 行.
NOTIC: [8] Undefined variable: need_display D:\htdocs\webroot\Runtime\Cache\Backend\36b3ff667a9580920122e57bbd11d8be.php 第 230 行.
NOTIC: [8] Undefined index:  D:\htdocs\webroot\Runtime\Cache\Backend\36b3ff667a9580920122e57bbd11d8be.php 第 230 行.
NOTIC: [2] Invalid argument supplied for foreach() D:\htdocs\webroot\Runtime\Cache\Backend\36b3ff667a9580920122e57bbd11d8be.php 第 230 行.
NOTIC: [8] Undefined variable: page_title D:\htdocs\webroot\Runtime\Cache\Backend\36b3ff667a9580920122e57bbd11d8be.php 第 264 行.
NOTIC: [8] Undefined variable: page_small D:\htdocs\webroot\Runtime\Cache\Backend\36b3ff667a9580920122e57bbd11d8be.php 第 265 行.
NOTIC: [8] Undefined variable: page_small D:\htdocs\webroot\Runtime\Cache\Backend\36b3ff667a9580920122e57bbd11d8be.php 第 271 行.
INFO: Run Behavior\ParseTemplateBehavior [ RunTime:0.051506s ]
INFO: [ view_parse ] --END-- [ RunTime:0.052506s ]
INFO: [ view_filter ] --START--
INFO: Run Behavior\WriteHtmlCacheBehavior [ RunTime:0.001000s ]
INFO: Run Behavior\TokenBuildBehavior [ RunTime:0.001001s ]
INFO: [ view_filter ] --END-- [ RunTime:0.002001s ]
INFO: [ app_end ] --START--
INFO: Run Behavior\ShowPageTraceBehavior [ RunTime:0.001000s ]
INFO: [ app_end ] --END-- [ RunTime:0.001500s ]

[ 2015-11-19T17:25:53+08:00 ] ::1 /webroot/Backend/Demo/Index.html
INFO: [ app_init ] --START--
INFO: Run Behavior\BuildLiteBehavior [ RunTime:0.000500s ]
INFO: [ app_init ] --END-- [ RunTime:0.001000s ]
INFO: [ app_begin ] --START--
INFO: Run Behavior\ReadHtmlCacheBehavior [ RunTime:0.001000s ]
INFO: [ app_begin ] --END-- [ RunTime:0.001501s ]
INFO: [ view_parse ] --START--
INFO: [ template_filter ] --START--
INFO: Run Behavior\ContentReplaceBehavior [ RunTime:0.000500s ]
INFO: [ template_filter ] --END-- [ RunTime:0.000500s ]
NOTIC: [8] Undefined variable: title D:\htdocs\webroot\Runtime\Cache\Backend\36b3ff667a9580920122e57bbd11d8be.php 第 10 行.
NOTIC: [8] Undefined variable: keywords D:\htdocs\webroot\Runtime\Cache\Backend\36b3ff667a9580920122e57bbd11d8be.php 第 10 行.
NOTIC: [8] Undefined variable: description D:\htdocs\webroot\Runtime\Cache\Backend\36b3ff667a9580920122e57bbd11d8be.php 第 10 行.
NOTIC: [8] Undefined variable: need_display D:\htdocs\webroot\Runtime\Cache\Backend\36b3ff667a9580920122e57bbd11d8be.php 第 90 行.
NOTIC: [8] Undefined variable: need_display D:\htdocs\webroot\Runtime\Cache\Backend\36b3ff667a9580920122e57bbd11d8be.php 第 90 行.
NOTIC: [8] Undefined variable: need_display D:\htdocs\webroot\Runtime\Cache\Backend\36b3ff667a9580920122e57bbd11d8be.php 第 90 行.
NOTIC: [8] Undefined variable: need_display D:\htdocs\webroot\Runtime\Cache\Backend\36b3ff667a9580920122e57bbd11d8be.php 第 90 行.
NOTIC: [8] Undefined index: _child D:\htdocs\webroot\Runtime\Cache\Backend\36b3ff667a9580920122e57bbd11d8be.php 第 90 行.
NOTIC: [2] Invalid argument supplied for foreach() D:\htdocs\webroot\Runtime\Cache\Backend\36b3ff667a9580920122e57bbd11d8be.php 第 90 行.
NOTIC: [8] Undefined variable: need_display D:\htdocs\webroot\Runtime\Cache\Backend\36b3ff667a9580920122e57bbd11d8be.php 第 90 行.
NOTIC: [8] Undefined variable: need_display D:\htdocs\webroot\Runtime\Cache\Backend\36b3ff667a9580920122e57bbd11d8be.php 第 90 行.
NOTIC: [8] Undefined variable: need_display D:\htdocs\webroot\Runtime\Cache\Backend\36b3ff667a9580920122e57bbd11d8be.php 第 90 行.
NOTIC: [8] Undefined index: _child D:\htdocs\webroot\Runtime\Cache\Backend\36b3ff667a9580920122e57bbd11d8be.php 第 90 行.
NOTIC: [2] Invalid argument supplied for foreach() D:\htdocs\webroot\Runtime\Cache\Backend\36b3ff667a9580920122e57bbd11d8be.php 第 90 行.
NOTIC: [8] Undefined variable: need_display D:\htdocs\webroot\Runtime\Cache\Backend\36b3ff667a9580920122e57bbd11d8be.php 第 90 行.
NOTIC: [8] Undefined variable: need_display D:\htdocs\webroot\Runtime\Cache\Backend\36b3ff667a9580920122e57bbd11d8be.php 第 90 行.
NOTIC: [8] Undefined variable: need_display D:\htdocs\webroot\Runtime\Cache\Backend\36b3ff667a9580920122e57bbd11d8be.php 第 90 行.
NOTIC: [8] Undefined variable: need_display D:\htdocs\webroot\Runtime\Cache\Backend\36b3ff667a9580920122e57bbd11d8be.php 第 90 行.
NOTIC: [8] Undefined index: _child D:\htdocs\webroot\Runtime\Cache\Backend\36b3ff667a9580920122e57bbd11d8be.php 第 90 行.
NOTIC: [2] Invalid argument supplied for foreach() D:\htdocs\webroot\Runtime\Cache\Backend\36b3ff667a9580920122e57bbd11d8be.php 第 90 行.
NOTIC: [8] Undefined variable: need_display D:\htdocs\webroot\Runtime\Cache\Backend\36b3ff667a9580920122e57bbd11d8be.php 第 90 行.
NOTIC: [8] Undefined variable: need_display D:\htdocs\webroot\Runtime\Cache\Backend\36b3ff667a9580920122e57bbd11d8be.php 第 90 行.
NOTIC: [8] Undefined variable: need_display D:\htdocs\webroot\Runtime\Cache\Backend\36b3ff667a9580920122e57bbd11d8be.php 第 90 行.
NOTIC: [8] Undefined variable: need_display D:\htdocs\webroot\Runtime\Cache\Backend\36b3ff667a9580920122e57bbd11d8be.php 第 90 行.
NOTIC: [8] Undefined variable: need_display D:\htdocs\webroot\Runtime\Cache\Backend\36b3ff667a9580920122e57bbd11d8be.php 第 90 行.
NOTIC: [8] Undefined variable: need_display D:\htdocs\webroot\Runtime\Cache\Backend\36b3ff667a9580920122e57bbd11d8be.php 第 90 行.
NOTIC: [8] Undefined index: _child D:\htdocs\webroot\Runtime\Cache\Backend\36b3ff667a9580920122e57bbd11d8be.php 第 90 行.
NOTIC: [2] Invalid argument supplied for foreach() D:\htdocs\webroot\Runtime\Cache\Backend\36b3ff667a9580920122e57bbd11d8be.php 第 90 行.
NOTIC: [8] Undefined variable: need_display D:\htdocs\webroot\Runtime\Cache\Backend\36b3ff667a9580920122e57bbd11d8be.php 第 90 行.
NOTIC: [8] Undefined variable: need_display D:\htdocs\webroot\Runtime\Cache\Backend\36b3ff667a9580920122e57bbd11d8be.php 第 90 行.
NOTIC: [8] Undefined index: _child D:\htdocs\webroot\Runtime\Cache\Backend\36b3ff667a9580920122e57bbd11d8be.php 第 90 行.
NOTIC: [2] Invalid argument supplied for foreach() D:\htdocs\webroot\Runtime\Cache\Backend\36b3ff667a9580920122e57bbd11d8be.php 第 90 行.
NOTIC: [8] Undefined variable: need_display D:\htdocs\webroot\Runtime\Cache\Backend\36b3ff667a9580920122e57bbd11d8be.php 第 90 行.
NOTIC: [8] Undefined index: _child D:\htdocs\webroot\Runtime\Cache\Backend\36b3ff667a9580920122e57bbd11d8be.php 第 90 行.
NOTIC: [2] Invalid argument supplied for foreach() D:\htdocs\webroot\Runtime\Cache\Backend\36b3ff667a9580920122e57bbd11d8be.php 第 90 行.
NOTIC: [8] Undefined variable: need_display D:\htdocs\webroot\Runtime\Cache\Backend\36b3ff667a9580920122e57bbd11d8be.php 第 90 行.
NOTIC: [8] Undefined index: _child D:\htdocs\webroot\Runtime\Cache\Backend\36b3ff667a9580920122e57bbd11d8be.php 第 90 行.
NOTIC: [2] Invalid argument supplied for foreach() D:\htdocs\webroot\Runtime\Cache\Backend\36b3ff667a9580920122e57bbd11d8be.php 第 90 行.
NOTIC: [8] Undefined variable: need_display D:\htdocs\webroot\Runtime\Cache\Backend\36b3ff667a9580920122e57bbd11d8be.php 第 90 行.
NOTIC: [8] Undefined index: _child D:\htdocs\webroot\Runtime\Cache\Backend\36b3ff667a9580920122e57bbd11d8be.php 第 90 行.
NOTIC: [2] Invalid argument supplied for foreach() D:\htdocs\webroot\Runtime\Cache\Backend\36b3ff667a9580920122e57bbd11d8be.php 第 90 行.
NOTIC: [8] Undefined variable: need_display D:\htdocs\webroot\Runtime\Cache\Backend\36b3ff667a9580920122e57bbd11d8be.php 第 90 行.
NOTIC: [8] Undefined index: _child D:\htdocs\webroot\Runtime\Cache\Backend\36b3ff667a9580920122e57bbd11d8be.php 第 90 行.
NOTIC: [2] Invalid argument supplied for foreach() D:\htdocs\webroot\Runtime\Cache\Backend\36b3ff667a9580920122e57bbd11d8be.php 第 90 行.
NOTIC: [8] Undefined variable: need_display D:\htdocs\webroot\Runtime\Cache\Backend\36b3ff667a9580920122e57bbd11d8be.php 第 90 行.
NOTIC: [8] Undefined index: _child D:\htdocs\webroot\Runtime\Cache\Backend\36b3ff667a9580920122e57bbd11d8be.php 第 90 行.
NOTIC: [2] Invalid argument supplied for foreach() D:\htdocs\webroot\Runtime\Cache\Backend\36b3ff667a9580920122e57bbd11d8be.php 第 90 行.
NOTIC: [8] Undefined variable: need_display D:\htdocs\webroot\Runtime\Cache\Backend\36b3ff667a9580920122e57bbd11d8be.php 第 90 行.
NOTIC: [8] Undefined variable: need_display D:\htdocs\webroot\Runtime\Cache\Backend\36b3ff667a9580920122e57bbd11d8be.php 第 90 行.
NOTIC: [8] Undefined index: _child D:\htdocs\webroot\Runtime\Cache\Backend\36b3ff667a9580920122e57bbd11d8be.php 第 90 行.
NOTIC: [2] Invalid argument supplied for foreach() D:\htdocs\webroot\Runtime\Cache\Backend\36b3ff667a9580920122e57bbd11d8be.php 第 90 行.
NOTIC: [8] Undefined variable: need_display D:\htdocs\webroot\Runtime\Cache\Backend\36b3ff667a9580920122e57bbd11d8be.php 第 90 行.
NOTIC: [8] Undefined variable: need_display D:\htdocs\webroot\Runtime\Cache\Backend\36b3ff667a9580920122e57bbd11d8be.php 第 90 行.
NOTIC: [8] Undefined variable: need_display D:\htdocs\webroot\Runtime\Cache\Backend\36b3ff667a9580920122e57bbd11d8be.php 第 90 行.
NOTIC: [8] Undefined variable: need_display D:\htdocs\webroot\Runtime\Cache\Backend\36b3ff667a9580920122e57bbd11d8be.php 第 90 行.
NOTIC: [8] Undefined variable: need_display D:\htdocs\webroot\Runtime\Cache\Backend\36b3ff667a9580920122e57bbd11d8be.php 第 90 行.
NOTIC: [8] Undefined variable: need_display D:\htdocs\webroot\Runtime\Cache\Backend\36b3ff667a9580920122e57bbd11d8be.php 第 90 行.
NOTIC: [8] Undefined variable: need_display D:\htdocs\webroot\Runtime\Cache\Backend\36b3ff667a9580920122e57bbd11d8be.php 第 90 行.
NOTIC: [8] Undefined variable: need_display D:\htdocs\webroot\Runtime\Cache\Backend\36b3ff667a9580920122e57bbd11d8be.php 第 90 行.
NOTIC: [8] Undefined variable: need_display D:\htdocs\webroot\Runtime\Cache\Backend\36b3ff667a9580920122e57bbd11d8be.php 第 90 行.
NOTIC: [8] Undefined index: _child D:\htdocs\webroot\Runtime\Cache\Backend\36b3ff667a9580920122e57bbd11d8be.php 第 90 行.
NOTIC: [2] Invalid argument supplied for foreach() D:\htdocs\webroot\Runtime\Cache\Backend\36b3ff667a9580920122e57bbd11d8be.php 第 90 行.
NOTIC: [8] Undefined variable: need_display D:\htdocs\webroot\Runtime\Cache\Backend\36b3ff667a9580920122e57bbd11d8be.php 第 90 行.
NOTIC: [8] Undefined index: _child D:\htdocs\webroot\Runtime\Cache\Backend\36b3ff667a9580920122e57bbd11d8be.php 第 90 行.
NOTIC: [2] Invalid argument supplied for foreach() D:\htdocs\webroot\Runtime\Cache\Backend\36b3ff667a9580920122e57bbd11d8be.php 第 90 行.
NOTIC: [8] Undefined variable: need_display D:\htdocs\webroot\Runtime\Cache\Backend\36b3ff667a9580920122e57bbd11d8be.php 第 90 行.
NOTIC: [8] Undefined variable: need_display D:\htdocs\webroot\Runtime\Cache\Backend\36b3ff667a9580920122e57bbd11d8be.php 第 90 行.
NOTIC: [8] Undefined variable: need_display D:\htdocs\webroot\Runtime\Cache\Backend\36b3ff667a9580920122e57bbd11d8be.php 第 90 行.
NOTIC: [8] Undefined variable: need_display D:\htdocs\webroot\Runtime\Cache\Backend\36b3ff667a9580920122e57bbd11d8be.php 第 90 行.
NOTIC: [8] Undefined variable: need_display D:\htdocs\webroot\Runtime\Cache\Backend\36b3ff667a9580920122e57bbd11d8be.php 第 90 行.
NOTIC: [8] Undefined variable: need_display D:\htdocs\webroot\Runtime\Cache\Backend\36b3ff667a9580920122e57bbd11d8be.php 第 90 行.
NOTIC: [8] Undefined variable: need_display D:\htdocs\webroot\Runtime\Cache\Backend\36b3ff667a9580920122e57bbd11d8be.php 第 90 行.
NOTIC: [8] Undefined variable: need_display D:\htdocs\webroot\Runtime\Cache\Backend\36b3ff667a9580920122e57bbd11d8be.php 第 90 行.
NOTIC: [8] Undefined variable: need_display D:\htdocs\webroot\Runtime\Cache\Backend\36b3ff667a9580920122e57bbd11d8be.php 第 90 行.
NOTIC: [8] Undefined variable: need_display D:\htdocs\webroot\Runtime\Cache\Backend\36b3ff667a9580920122e57bbd11d8be.php 第 90 行.
NOTIC: [8] Undefined variable: need_display D:\htdocs\webroot\Runtime\Cache\Backend\36b3ff667a9580920122e57bbd11d8be.php 第 90 行.
NOTIC: [8] Undefined variable: need_display D:\htdocs\webroot\Runtime\Cache\Backend\36b3ff667a9580920122e57bbd11d8be.php 第 90 行.
NOTIC: [8] Undefined variable: need_display D:\htdocs\webroot\Runtime\Cache\Backend\36b3ff667a9580920122e57bbd11d8be.php 第 90 行.
NOTIC: [8] Undefined variable: need_display D:\htdocs\webroot\Runtime\Cache\Backend\36b3ff667a9580920122e57bbd11d8be.php 第 90 行.
NOTIC: [8] Undefined variable: need_display D:\htdocs\webroot\Runtime\Cache\Backend\36b3ff667a9580920122e57bbd11d8be.php 第 90 行.
NOTIC: [8] Undefined variable: need_display D:\htdocs\webroot\Runtime\Cache\Backend\36b3ff667a9580920122e57bbd11d8be.php 第 90 行.
NOTIC: [8] Undefined variable: need_display D:\htdocs\webroot\Runtime\Cache\Backend\36b3ff667a9580920122e57bbd11d8be.php 第 90 行.
NOTIC: [8] Undefined variable: need_display D:\htdocs\webroot\Runtime\Cache\Backend\36b3ff667a9580920122e57bbd11d8be.php 第 90 行.
NOTIC: [8] Undefined variable: need_display D:\htdocs\webroot\Runtime\Cache\Backend\36b3ff667a9580920122e57bbd11d8be.php 第 90 行.
NOTIC: [8] Undefined variable: need_display D:\htdocs\webroot\Runtime\Cache\Backend\36b3ff667a9580920122e57bbd11d8be.php 第 90 行.
NOTIC: [8] Undefined variable: need_display D:\htdocs\webroot\Runtime\Cache\Backend\36b3ff667a9580920122e57bbd11d8be.php 第 90 行.
NOTIC: [8] Undefined variable: need_display D:\htdocs\webroot\Runtime\Cache\Backend\36b3ff667a9580920122e57bbd11d8be.php 第 90 行.
NOTIC: [8] Undefined variable: need_display D:\htdocs\webroot\Runtime\Cache\Backend\36b3ff667a9580920122e57bbd11d8be.php 第 90 行.
NOTIC: [8] Undefined variable: need_display D:\htdocs\webroot\Runtime\Cache\Backend\36b3ff667a9580920122e57bbd11d8be.php 第 90 行.
NOTIC: [8] Undefined variable: need_display D:\htdocs\webroot\Runtime\Cache\Backend\36b3ff667a9580920122e57bbd11d8be.php 第 90 行.
NOTIC: [8] Undefined index: _child D:\htdocs\webroot\Runtime\Cache\Backend\36b3ff667a9580920122e57bbd11d8be.php 第 90 行.
NOTIC: [2] Invalid argument supplied for foreach() D:\htdocs\webroot\Runtime\Cache\Backend\36b3ff667a9580920122e57bbd11d8be.php 第 90 行.
NOTIC: [8] Undefined variable: need_display D:\htdocs\webroot\Runtime\Cache\Backend\36b3ff667a9580920122e57bbd11d8be.php 第 90 行.
NOTIC: [8] Undefined variable: need_display D:\htdocs\webroot\Runtime\Cache\Backend\36b3ff667a9580920122e57bbd11d8be.php 第 90 行.
NOTIC: [8] Undefined variable: need_display D:\htdocs\webroot\Runtime\Cache\Backend\36b3ff667a9580920122e57bbd11d8be.php 第 90 行.
NOTIC: [8] Undefined variable: need_display D:\htdocs\webroot\Runtime\Cache\Backend\36b3ff667a9580920122e57bbd11d8be.php 第 90 行.
NOTIC: [8] Undefined variable: need_display D:\htdocs\webroot\Runtime\Cache\Backend\36b3ff667a9580920122e57bbd11d8be.php 第 90 行.
NOTIC: [8] Undefined variable: need_display D:\htdocs\webroot\Runtime\Cache\Backend\36b3ff667a9580920122e57bbd11d8be.php 第 90 行.
NOTIC: [8] Undefined variable: need_display D:\htdocs\webroot\Runtime\Cache\Backend\36b3ff667a9580920122e57bbd11d8be.php 第 91 行.
NOTIC: [8] Undefined variable: need_display D:\htdocs\webroot\Runtime\Cache\Backend\36b3ff667a9580920122e57bbd11d8be.php 第 91 行.
NOTIC: [8] Undefined variable: need_display D:\htdocs\webroot\Runtime\Cache\Backend\36b3ff667a9580920122e57bbd11d8be.php 第 230 行.
NOTIC: [8] Undefined index:  D:\htdocs\webroot\Runtime\Cache\Backend\36b3ff667a9580920122e57bbd11d8be.php 第 230 行.
NOTIC: [2] Invalid argument supplied for foreach() D:\htdocs\webroot\Runtime\Cache\Backend\36b3ff667a9580920122e57bbd11d8be.php 第 230 行.
NOTIC: [8] Undefined variable: page_title D:\htdocs\webroot\Runtime\Cache\Backend\36b3ff667a9580920122e57bbd11d8be.php 第 264 行.
NOTIC: [8] Undefined variable: page_small D:\htdocs\webroot\Runtime\Cache\Backend\36b3ff667a9580920122e57bbd11d8be.php 第 265 行.
NOTIC: [8] Undefined variable: page_small D:\htdocs\webroot\Runtime\Cache\Backend\36b3ff667a9580920122e57bbd11d8be.php 第 271 行.
INFO: Run Behavior\ParseTemplateBehavior [ RunTime:0.054507s ]
INFO: [ view_parse ] --END-- [ RunTime:0.055007s ]
INFO: [ view_filter ] --START--
INFO: Run Behavior\WriteHtmlCacheBehavior [ RunTime:0.001000s ]
INFO: Run Behavior\TokenBuildBehavior [ RunTime:0.001000s ]
INFO: [ view_filter ] --END-- [ RunTime:0.002500s ]
INFO: [ app_end ] --START--
INFO: Run Behavior\ShowPageTraceBehavior [ RunTime:0.001000s ]
INFO: [ app_end ] --END-- [ RunTime:0.001500s ]

[ 2015-11-19T17:26:19+08:00 ] ::1 /webroot/Backend/Demo/index.html
INFO: [ app_init ] --START--
INFO: Run Behavior\BuildLiteBehavior [ RunTime:0.000000s ]
INFO: [ app_init ] --END-- [ RunTime:0.001000s ]
INFO: [ app_begin ] --START--
INFO: Run Behavior\ReadHtmlCacheBehavior [ RunTime:0.001000s ]
INFO: [ app_begin ] --END-- [ RunTime:0.001500s ]
INFO: [ view_parse ] --START--
INFO: [ template_filter ] --START--
INFO: Run Behavior\ContentReplaceBehavior [ RunTime:0.000000s ]
INFO: [ template_filter ] --END-- [ RunTime:0.001000s ]
NOTIC: [8] Undefined variable: title D:\htdocs\webroot\Runtime\Cache\Backend\e158b14e1686873bc50baf698fc5c8c3.php 第 10 行.
NOTIC: [8] Undefined variable: keywords D:\htdocs\webroot\Runtime\Cache\Backend\e158b14e1686873bc50baf698fc5c8c3.php 第 10 行.
NOTIC: [8] Undefined variable: description D:\htdocs\webroot\Runtime\Cache\Backend\e158b14e1686873bc50baf698fc5c8c3.php 第 10 行.
NOTIC: [8] Undefined variable: need_display D:\htdocs\webroot\Runtime\Cache\Backend\e158b14e1686873bc50baf698fc5c8c3.php 第 90 行.
NOTIC: [8] Undefined variable: need_display D:\htdocs\webroot\Runtime\Cache\Backend\e158b14e1686873bc50baf698fc5c8c3.php 第 90 行.
NOTIC: [8] Undefined variable: need_display D:\htdocs\webroot\Runtime\Cache\Backend\e158b14e1686873bc50baf698fc5c8c3.php 第 90 行.
NOTIC: [8] Undefined variable: need_display D:\htdocs\webroot\Runtime\Cache\Backend\e158b14e1686873bc50baf698fc5c8c3.php 第 90 行.
NOTIC: [8] Undefined index: _child D:\htdocs\webroot\Runtime\Cache\Backend\e158b14e1686873bc50baf698fc5c8c3.php 第 90 行.
NOTIC: [2] Invalid argument supplied for foreach() D:\htdocs\webroot\Runtime\Cache\Backend\e158b14e1686873bc50baf698fc5c8c3.php 第 90 行.
NOTIC: [8] Undefined index: _child D:\htdocs\webroot\Runtime\Cache\Backend\e158b14e1686873bc50baf698fc5c8c3.php 第 90 行.
NOTIC: [2] Invalid argument supplied for foreach() D:\htdocs\webroot\Runtime\Cache\Backend\e158b14e1686873bc50baf698fc5c8c3.php 第 90 行.
NOTIC: [8] Undefined index: _child D:\htdocs\webroot\Runtime\Cache\Backend\e158b14e1686873bc50baf698fc5c8c3.php 第 90 行.
NOTIC: [2] Invalid argument supplied for foreach() D:\htdocs\webroot\Runtime\Cache\Backend\e158b14e1686873bc50baf698fc5c8c3.php 第 90 行.
NOTIC: [8] Undefined index: _child D:\htdocs\webroot\Runtime\Cache\Backend\e158b14e1686873bc50baf698fc5c8c3.php 第 90 行.
NOTIC: [2] Invalid argument supplied for foreach() D:\htdocs\webroot\Runtime\Cache\Backend\e158b14e1686873bc50baf698fc5c8c3.php 第 90 行.
NOTIC: [8] Undefined index: _child D:\htdocs\webroot\Runtime\Cache\Backend\e158b14e1686873bc50baf698fc5c8c3.php 第 90 行.
NOTIC: [2] Invalid argument supplied for foreach() D:\htdocs\webroot\Runtime\Cache\Backend\e158b14e1686873bc50baf698fc5c8c3.php 第 90 行.
NOTIC: [8] Undefined index: _child D:\htdocs\webroot\Runtime\Cache\Backend\e158b14e1686873bc50baf698fc5c8c3.php 第 90 行.
NOTIC: [2] Invalid argument supplied for foreach() D:\htdocs\webroot\Runtime\Cache\Backend\e158b14e1686873bc50baf698fc5c8c3.php 第 90 行.
NOTIC: [8] Undefined index: _child D:\htdocs\webroot\Runtime\Cache\Backend\e158b14e1686873bc50baf698fc5c8c3.php 第 90 行.
NOTIC: [2] Invalid argument supplied for foreach() D:\htdocs\webroot\Runtime\Cache\Backend\e158b14e1686873bc50baf698fc5c8c3.php 第 90 行.
NOTIC: [8] Undefined variable: iframe_src D:\htdocs\webroot\Runtime\Cache\Backend\e158b14e1686873bc50baf698fc5c8c3.php 第 244 行.
INFO: Run Behavior\ParseTemplateBehavior [ RunTime:0.057508s ]
INFO: [ view_parse ] --END-- [ RunTime:0.057508s ]
INFO: [ view_filter ] --START--
INFO: Run Behavior\WriteHtmlCacheBehavior [ RunTime:0.001000s ]
INFO: Run Behavior\TokenBuildBehavior [ RunTime:0.001500s ]
INFO: [ view_filter ] --END-- [ RunTime:0.003500s ]
INFO: [ app_end ] --START--
INFO: Run Behavior\ShowPageTraceBehavior [ RunTime:0.001500s ]
INFO: [ app_end ] --END-- [ RunTime:0.002500s ]

[ 2015-11-19T18:06:17+08:00 ] ::1 /webroot/Backend/Demo/index.html
INFO: [ app_init ] --START--
INFO: Run Behavior\BuildLiteBehavior [ RunTime:0.000000s ]
INFO: [ app_init ] --END-- [ RunTime:0.001501s ]
INFO: [ app_begin ] --START--
INFO: Run Behavior\ReadHtmlCacheBehavior [ RunTime:0.001500s ]
INFO: [ app_begin ] --END-- [ RunTime:0.002000s ]
INFO: [ view_parse ] --START--
INFO: [ template_filter ] --START--
INFO: Run Behavior\ContentReplaceBehavior [ RunTime:0.000501s ]
INFO: [ template_filter ] --END-- [ RunTime:0.001501s ]
NOTIC: [8] Undefined variable: title D:\htdocs\webroot\Runtime\Cache\Backend\e158b14e1686873bc50baf698fc5c8c3.php 第 10 行.
NOTIC: [8] Undefined variable: keywords D:\htdocs\webroot\Runtime\Cache\Backend\e158b14e1686873bc50baf698fc5c8c3.php 第 10 行.
NOTIC: [8] Undefined variable: description D:\htdocs\webroot\Runtime\Cache\Backend\e158b14e1686873bc50baf698fc5c8c3.php 第 10 行.
NOTIC: [8] Undefined variable: need_display D:\htdocs\webroot\Runtime\Cache\Backend\e158b14e1686873bc50baf698fc5c8c3.php 第 90 行.
NOTIC: [8] Undefined variable: need_display D:\htdocs\webroot\Runtime\Cache\Backend\e158b14e1686873bc50baf698fc5c8c3.php 第 90 行.
NOTIC: [8] Undefined variable: need_display D:\htdocs\webroot\Runtime\Cache\Backend\e158b14e1686873bc50baf698fc5c8c3.php 第 90 行.
NOTIC: [8] Undefined variable: need_display D:\htdocs\webroot\Runtime\Cache\Backend\e158b14e1686873bc50baf698fc5c8c3.php 第 90 行.
NOTIC: [8] Undefined index: _child D:\htdocs\webroot\Runtime\Cache\Backend\e158b14e1686873bc50baf698fc5c8c3.php 第 90 行.
NOTIC: [2] Invalid argument supplied for foreach() D:\htdocs\webroot\Runtime\Cache\Backend\e158b14e1686873bc50baf698fc5c8c3.php 第 90 行.
NOTIC: [8] Undefined index: _child D:\htdocs\webroot\Runtime\Cache\Backend\e158b14e1686873bc50baf698fc5c8c3.php 第 90 行.
NOTIC: [2] Invalid argument supplied for foreach() D:\htdocs\webroot\Runtime\Cache\Backend\e158b14e1686873bc50baf698fc5c8c3.php 第 90 行.
NOTIC: [8] Undefined index: _child D:\htdocs\webroot\Runtime\Cache\Backend\e158b14e1686873bc50baf698fc5c8c3.php 第 90 行.
NOTIC: [2] Invalid argument supplied for foreach() D:\htdocs\webroot\Runtime\Cache\Backend\e158b14e1686873bc50baf698fc5c8c3.php 第 90 行.
NOTIC: [8] Undefined index: _child D:\htdocs\webroot\Runtime\Cache\Backend\e158b14e1686873bc50baf698fc5c8c3.php 第 90 行.
NOTIC: [2] Invalid argument supplied for foreach() D:\htdocs\webroot\Runtime\Cache\Backend\e158b14e1686873bc50baf698fc5c8c3.php 第 90 行.
NOTIC: [8] Undefined index: _child D:\htdocs\webroot\Runtime\Cache\Backend\e158b14e1686873bc50baf698fc5c8c3.php 第 90 行.
NOTIC: [2] Invalid argument supplied for foreach() D:\htdocs\webroot\Runtime\Cache\Backend\e158b14e1686873bc50baf698fc5c8c3.php 第 90 行.
NOTIC: [8] Undefined index: _child D:\htdocs\webroot\Runtime\Cache\Backend\e158b14e1686873bc50baf698fc5c8c3.php 第 90 行.
NOTIC: [2] Invalid argument supplied for foreach() D:\htdocs\webroot\Runtime\Cache\Backend\e158b14e1686873bc50baf698fc5c8c3.php 第 90 行.
NOTIC: [8] Undefined index: _child D:\htdocs\webroot\Runtime\Cache\Backend\e158b14e1686873bc50baf698fc5c8c3.php 第 90 行.
NOTIC: [2] Invalid argument supplied for foreach() D:\htdocs\webroot\Runtime\Cache\Backend\e158b14e1686873bc50baf698fc5c8c3.php 第 90 行.
NOTIC: [8] Undefined variable: iframe_src D:\htdocs\webroot\Runtime\Cache\Backend\e158b14e1686873bc50baf698fc5c8c3.php 第 244 行.
INFO: Run Behavior\ParseTemplateBehavior [ RunTime:0.075510s ]
INFO: [ view_parse ] --END-- [ RunTime:0.076010s ]
INFO: [ view_filter ] --START--
INFO: Run Behavior\WriteHtmlCacheBehavior [ RunTime:0.001500s ]
INFO: Run Behavior\TokenBuildBehavior [ RunTime:0.001000s ]
INFO: [ view_filter ] --END-- [ RunTime:0.003000s ]
INFO: [ app_end ] --START--
INFO: Run Behavior\ShowPageTraceBehavior [ RunTime:0.001500s ]
INFO: [ app_end ] --END-- [ RunTime:0.002001s ]

[ 2015-11-19T18:55:58+08:00 ] ::1 /webroot/Backend/Demo/index.html
INFO: [ app_init ] --START--
INFO: Run Behavior\BuildLiteBehavior [ RunTime:0.000000s ]
INFO: [ app_init ] --END-- [ RunTime:0.001001s ]
INFO: [ app_begin ] --START--
INFO: Run Behavior\ReadHtmlCacheBehavior [ RunTime:0.001000s ]
INFO: [ app_begin ] --END-- [ RunTime:0.001500s ]
INFO: [ view_parse ] --START--
INFO: [ template_filter ] --START--
INFO: Run Behavior\ContentReplaceBehavior [ RunTime:0.000000s ]
INFO: [ template_filter ] --END-- [ RunTime:0.001000s ]
NOTIC: [8] Undefined variable: title D:\htdocs\webroot\Runtime\Cache\Backend\e158b14e1686873bc50baf698fc5c8c3.php 第 10 行.
NOTIC: [8] Undefined variable: keywords D:\htdocs\webroot\Runtime\Cache\Backend\e158b14e1686873bc50baf698fc5c8c3.php 第 10 行.
NOTIC: [8] Undefined variable: description D:\htdocs\webroot\Runtime\Cache\Backend\e158b14e1686873bc50baf698fc5c8c3.php 第 10 行.
NOTIC: [8] Undefined variable: need_display D:\htdocs\webroot\Runtime\Cache\Backend\e158b14e1686873bc50baf698fc5c8c3.php 第 90 行.
NOTIC: [8] Undefined variable: need_display D:\htdocs\webroot\Runtime\Cache\Backend\e158b14e1686873bc50baf698fc5c8c3.php 第 90 行.
NOTIC: [8] Undefined variable: need_display D:\htdocs\webroot\Runtime\Cache\Backend\e158b14e1686873bc50baf698fc5c8c3.php 第 90 行.
NOTIC: [8] Undefined variable: need_display D:\htdocs\webroot\Runtime\Cache\Backend\e158b14e1686873bc50baf698fc5c8c3.php 第 90 行.
NOTIC: [8] Undefined index: _child D:\htdocs\webroot\Runtime\Cache\Backend\e158b14e1686873bc50baf698fc5c8c3.php 第 90 行.
NOTIC: [2] Invalid argument supplied for foreach() D:\htdocs\webroot\Runtime\Cache\Backend\e158b14e1686873bc50baf698fc5c8c3.php 第 90 行.
NOTIC: [8] Undefined index: _child D:\htdocs\webroot\Runtime\Cache\Backend\e158b14e1686873bc50baf698fc5c8c3.php 第 90 行.
NOTIC: [2] Invalid argument supplied for foreach() D:\htdocs\webroot\Runtime\Cache\Backend\e158b14e1686873bc50baf698fc5c8c3.php 第 90 行.
NOTIC: [8] Undefined index: _child D:\htdocs\webroot\Runtime\Cache\Backend\e158b14e1686873bc50baf698fc5c8c3.php 第 90 行.
NOTIC: [2] Invalid argument supplied for foreach() D:\htdocs\webroot\Runtime\Cache\Backend\e158b14e1686873bc50baf698fc5c8c3.php 第 90 行.
NOTIC: [8] Undefined index: _child D:\htdocs\webroot\Runtime\Cache\Backend\e158b14e1686873bc50baf698fc5c8c3.php 第 90 行.
NOTIC: [2] Invalid argument supplied for foreach() D:\htdocs\webroot\Runtime\Cache\Backend\e158b14e1686873bc50baf698fc5c8c3.php 第 90 行.
NOTIC: [8] Undefined index: _child D:\htdocs\webroot\Runtime\Cache\Backend\e158b14e1686873bc50baf698fc5c8c3.php 第 90 行.
NOTIC: [2] Invalid argument supplied for foreach() D:\htdocs\webroot\Runtime\Cache\Backend\e158b14e1686873bc50baf698fc5c8c3.php 第 90 行.
NOTIC: [8] Undefined index: _child D:\htdocs\webroot\Runtime\Cache\Backend\e158b14e1686873bc50baf698fc5c8c3.php 第 90 行.
NOTIC: [2] Invalid argument supplied for foreach() D:\htdocs\webroot\Runtime\Cache\Backend\e158b14e1686873bc50baf698fc5c8c3.php 第 90 行.
NOTIC: [8] Undefined index: _child D:\htdocs\webroot\Runtime\Cache\Backend\e158b14e1686873bc50baf698fc5c8c3.php 第 90 行.
NOTIC: [2] Invalid argument supplied for foreach() D:\htdocs\webroot\Runtime\Cache\Backend\e158b14e1686873bc50baf698fc5c8c3.php 第 90 行.
NOTIC: [8] Undefined variable: iframe_src D:\htdocs\webroot\Runtime\Cache\Backend\e158b14e1686873bc50baf698fc5c8c3.php 第 244 行.
INFO: Run Behavior\ParseTemplateBehavior [ RunTime:0.056507s ]
INFO: [ view_parse ] --END-- [ RunTime:0.057007s ]
INFO: [ view_filter ] --START--
INFO: Run Behavior\WriteHtmlCacheBehavior [ RunTime:0.001001s ]
INFO: Run Behavior\TokenBuildBehavior [ RunTime:0.001000s ]
INFO: [ view_filter ] --END-- [ RunTime:0.003001s ]
INFO: [ app_end ] --START--
INFO: Run Behavior\ShowPageTraceBehavior [ RunTime:0.001000s ]
INFO: [ app_end ] --END-- [ RunTime:0.002000s ]

[ 2015-11-19T18:56:04+08:00 ] ::1 /webroot/Backend/Demo/index/dialog.html
INFO: [ app_init ] --START--
INFO: Run Behavior\BuildLiteBehavior [ RunTime:0.000000s ]
INFO: [ app_init ] --END-- [ RunTime:0.001000s ]
INFO: [ app_begin ] --START--
INFO: Run Behavior\ReadHtmlCacheBehavior [ RunTime:0.001000s ]
INFO: [ app_begin ] --END-- [ RunTime:0.001000s ]
INFO: [ view_parse ] --START--
INFO: [ template_filter ] --START--
INFO: Run Behavior\ContentReplaceBehavior [ RunTime:0.000500s ]
INFO: [ template_filter ] --END-- [ RunTime:0.001500s ]
NOTIC: [8] Undefined variable: title D:\htdocs\webroot\Runtime\Cache\Backend\db37d5eed3bee516dfd30f15ebc08212.php 第 10 行.
NOTIC: [8] Undefined variable: keywords D:\htdocs\webroot\Runtime\Cache\Backend\db37d5eed3bee516dfd30f15ebc08212.php 第 10 行.
NOTIC: [8] Undefined variable: description D:\htdocs\webroot\Runtime\Cache\Backend\db37d5eed3bee516dfd30f15ebc08212.php 第 10 行.
NOTIC: [8] Undefined variable: need_display D:\htdocs\webroot\Runtime\Cache\Backend\db37d5eed3bee516dfd30f15ebc08212.php 第 90 行.
NOTIC: [8] Undefined variable: need_display D:\htdocs\webroot\Runtime\Cache\Backend\db37d5eed3bee516dfd30f15ebc08212.php 第 90 行.
NOTIC: [8] Undefined variable: need_display D:\htdocs\webroot\Runtime\Cache\Backend\db37d5eed3bee516dfd30f15ebc08212.php 第 90 行.
NOTIC: [8] Undefined variable: need_display D:\htdocs\webroot\Runtime\Cache\Backend\db37d5eed3bee516dfd30f15ebc08212.php 第 90 行.
NOTIC: [8] Undefined index: _child D:\htdocs\webroot\Runtime\Cache\Backend\db37d5eed3bee516dfd30f15ebc08212.php 第 90 行.
NOTIC: [2] Invalid argument supplied for foreach() D:\htdocs\webroot\Runtime\Cache\Backend\db37d5eed3bee516dfd30f15ebc08212.php 第 90 行.
NOTIC: [8] Undefined index: _child D:\htdocs\webroot\Runtime\Cache\Backend\db37d5eed3bee516dfd30f15ebc08212.php 第 90 行.
NOTIC: [2] Invalid argument supplied for foreach() D:\htdocs\webroot\Runtime\Cache\Backend\db37d5eed3bee516dfd30f15ebc08212.php 第 90 行.
NOTIC: [8] Undefined index: _child D:\htdocs\webroot\Runtime\Cache\Backend\db37d5eed3bee516dfd30f15ebc08212.php 第 90 行.
NOTIC: [2] Invalid argument supplied for foreach() D:\htdocs\webroot\Runtime\Cache\Backend\db37d5eed3bee516dfd30f15ebc08212.php 第 90 行.
NOTIC: [8] Undefined index: _child D:\htdocs\webroot\Runtime\Cache\Backend\db37d5eed3bee516dfd30f15ebc08212.php 第 90 行.
NOTIC: [2] Invalid argument supplied for foreach() D:\htdocs\webroot\Runtime\Cache\Backend\db37d5eed3bee516dfd30f15ebc08212.php 第 90 行.
NOTIC: [8] Undefined index: _child D:\htdocs\webroot\Runtime\Cache\Backend\db37d5eed3bee516dfd30f15ebc08212.php 第 90 行.
NOTIC: [2] Invalid argument supplied for foreach() D:\htdocs\webroot\Runtime\Cache\Backend\db37d5eed3bee516dfd30f15ebc08212.php 第 90 行.
NOTIC: [8] Undefined index: _child D:\htdocs\webroot\Runtime\Cache\Backend\db37d5eed3bee516dfd30f15ebc08212.php 第 90 行.
NOTIC: [2] Invalid argument supplied for foreach() D:\htdocs\webroot\Runtime\Cache\Backend\db37d5eed3bee516dfd30f15ebc08212.php 第 90 行.
NOTIC: [8] Undefined index: _child D:\htdocs\webroot\Runtime\Cache\Backend\db37d5eed3bee516dfd30f15ebc08212.php 第 90 行.
NOTIC: [2] Invalid argument supplied for foreach() D:\htdocs\webroot\Runtime\Cache\Backend\db37d5eed3bee516dfd30f15ebc08212.php 第 90 行.
NOTIC: [8] Undefined variable: iframe_src D:\htdocs\webroot\Runtime\Cache\Backend\db37d5eed3bee516dfd30f15ebc08212.php 第 244 行.
INFO: Run Behavior\ParseTemplateBehavior [ RunTime:0.080510s ]
INFO: [ view_parse ] --END-- [ RunTime:0.080510s ]
INFO: [ view_filter ] --START--
INFO: Run Behavior\WriteHtmlCacheBehavior [ RunTime:0.001000s ]
INFO: Run Behavior\TokenBuildBehavior [ RunTime:0.000500s ]
INFO: [ view_filter ] --END-- [ RunTime:0.002001s ]
INFO: [ app_end ] --START--
INFO: Run Behavior\ShowPageTraceBehavior [ RunTime:0.001500s ]
INFO: [ app_end ] --END-- [ RunTime:0.002000s ]

