[ 2016-01-25T15:15:47+08:00 ] ::1 /webroot/Backend
INFO: [ app_init ] --START--
INFO: Run Behavior\BuildLiteBehavior [ RunTime:0.000500s ]
INFO: [ app_init ] --END-- [ RunTime:0.018502s ]
INFO: [ app_begin ] --START--
INFO: Run Behavior\ReadHtmlCacheBehavior [ RunTime:0.001500s ]
INFO: [ app_begin ] --END-- [ RunTime:0.002500s ]
INFO: [ view_parse ] --START--
INFO: [ template_filter ] --START--
INFO: Run Behavior\ContentReplaceBehavior [ RunTime:0.000500s ]
INFO: [ template_filter ] --END-- [ RunTime:0.000500s ]
NOTIC: [8] Undefined variable: title D:\htdocs\webroot\Runtime\Cache\Backend\a918f0b5d7cff94bb9b0e45a1e4b5876.php 第 10 行.
NOTIC: [8] Undefined variable: keywords D:\htdocs\webroot\Runtime\Cache\Backend\a918f0b5d7cff94bb9b0e45a1e4b5876.php 第 10 行.
NOTIC: [8] Undefined variable: description D:\htdocs\webroot\Runtime\Cache\Backend\a918f0b5d7cff94bb9b0e45a1e4b5876.php 第 10 行.
INFO: Run Behavior\ParseTemplateBehavior [ RunTime:0.088511s ]
INFO: [ view_parse ] --END-- [ RunTime:0.088511s ]
INFO: [ view_filter ] --START--
INFO: Run Behavior\WriteHtmlCacheBehavior [ RunTime:0.010001s ]
INFO: Run Behavior\TokenBuildBehavior [ RunTime:0.001501s ]
INFO: [ view_filter ] --END-- [ RunTime:0.011502s ]
INFO: [ app_end ] --START--
INFO: Run Behavior\ShowPageTraceBehavior [ RunTime:0.001500s ]
INFO: [ app_end ] --END-- [ RunTime:0.002000s ]

[ 2016-01-25T15:15:47+08:00 ] ::1 /webroot/Backend/Base/Public/verify.html
INFO: [ app_init ] --START--
INFO: Run Behavior\BuildLiteBehavior [ RunTime:0.000000s ]
INFO: [ app_init ] --END-- [ RunTime:0.001500s ]
INFO: [ app_begin ] --START--
INFO: Run Behavior\ReadHtmlCacheBehavior [ RunTime:0.001000s ]
INFO: [ app_begin ] --END-- [ RunTime:0.001000s ]
INFO: [ app_end ] --START--
INFO: Run Behavior\ShowPageTraceBehavior [ RunTime:0.001500s ]
INFO: [ app_end ] --END-- [ RunTime:0.001500s ]

